[2024-02-21 16:35:11,843] LogPrint.py->__init__ [line:68] - INFO: Finish
[2024-02-21 16:35:12,694] base.py->_begin_impl [line:953] - INFO: BEGIN (implicit)
[2024-02-21 16:35:12,696] base.py->_execute_context [line:1772] - INFO: SELECT device.id AS device_id, device.device_type AS device_device_type, device.device_code AS device_device_code, device.device_name AS device_device_name, device.device_contact AS device_device_contact, device.device_msg AS device_device_msg, device.host AS device_host, device.port AS device_port, device.alarm_rate AS device_alarm_rate, device.fault_rate AS device_fault_rate, device.status AS device_status, device.device_c16_type AS device_device_c16_type 
FROM device
[2024-02-21 16:35:12,696] base.py->_execute_context [line:1777] - INFO: [generated in 0.00069s] {}
[2024-02-21 16:35:12,699] TcpUtils.py->creat_connect [line:76] - INFO: connetion success...
[2024-02-21 16:35:12,699] TcpUtils.py->creat_connect [line:77] - INFO: ('47.110.73.94', 17893)
[2024-02-21 16:35:12,699] TcpUtils.py->device_tcp_imitate [line:112] - INFO: 设备正在进入协程组：DJ20230005
[2024-02-21 16:35:12,700] TcpUtils.py->handle_device_data [line:133] - INFO: 执行模拟器数据发送
[2024-02-21 16:35:12,700] DeviceDbData.py->search_tab_by_type_devices [line:32] - INFO: 接受到查询请求,请求参数为: SMR1210
[2024-02-21 16:35:12,702] base.py->_execute_context [line:1772] - INFO: SELECT device_info.id AS device_info_id, device_info.device_type AS device_info_device_type, device_info.device_prefix AS device_info_device_prefix, device_info.device_real_data AS device_info_device_real_data, device_info.device_alarm AS device_info_device_alarm, device_info.device_fault AS device_info_device_fault, device_info.device_alarm_restore AS device_info_device_alarm_restore, device_info.device_fault_restore AS device_info_device_fault_restore, device_info.remark AS device_info_remark 
FROM device_info 
WHERE device_info.device_type = %(device_type_1)s
[2024-02-21 16:35:12,702] base.py->_execute_context [line:1777] - INFO: [generated in 0.00029s] {'device_type_1': 'SMR1210'}
[2024-02-21 16:35:12,702] TcpUtils.py->creat_connect [line:76] - INFO: connetion success...
[2024-02-21 16:35:12,702] TcpUtils.py->creat_connect [line:77] - INFO: ('47.110.73.94', 17893)
[2024-02-21 16:35:12,702] TcpUtils.py->device_tcp_imitate [line:112] - INFO: 设备正在进入协程组：IA21090097
[2024-02-21 16:35:12,703] DeviceAgreement.py->device_code_config [line:98] - INFO: 发送的协议：4040021f57444A32303233303030350030ff00010024290e10010201010900000a05a00ce40005dc00640640000008000502f401000265D5B5C0AFC92323
[2024-02-21 16:35:12,703] TcpUtils.py->creat_connect [line:76] - INFO: connetion success...
[2024-02-21 16:35:12,704] TcpUtils.py->handle_device_data [line:153] - INFO: 报警触发随机数：0.4
[2024-02-21 16:35:12,704] TcpUtils.py->creat_connect [line:77] - INFO: ('47.110.73.94', 17893)
[2024-02-21 16:35:12,704] TcpUtils.py->handle_device_data [line:133] - INFO: 执行模拟器数据发送
[2024-02-21 16:35:12,704] TcpUtils.py->device_tcp_imitate [line:112] - INFO: 设备正在进入协程组：CS12345678
[2024-02-21 16:35:12,704] DeviceDbData.py->search_tab_by_type_devices [line:32] - INFO: 接受到查询请求,请求参数为: SMR3100
[2024-02-21 16:35:12,729] base.py->_execute_context [line:1772] - INFO: SELECT device_info.id AS device_info_id, device_info.device_type AS device_info_device_type, device_info.device_prefix AS device_info_device_prefix, device_info.device_real_data AS device_info_device_real_data, device_info.device_alarm AS device_info_device_alarm, device_info.device_fault AS device_info_device_fault, device_info.device_alarm_restore AS device_info_device_alarm_restore, device_info.device_fault_restore AS device_info_device_fault_restore, device_info.remark AS device_info_remark 
FROM device_info 
WHERE device_info.device_type = %(device_type_1)s
[2024-02-21 16:35:12,758] base.py->_execute_context [line:1777] - INFO: [cached since 0.05718s ago] {'device_type_1': 'SMR3100'}
[2024-02-21 16:35:12,932] TcpUtils.py->handle_device_data [line:153] - INFO: 报警触发随机数：0.69
[2024-02-21 16:35:12,963] TcpUtils.py->handle_device_data [line:133] - INFO: 执行模拟器数据发送
[2024-02-21 16:35:12,979] DeviceDbData.py->search_tab_by_type_devices [line:32] - INFO: 接受到查询请求,请求参数为: EMR1002
[2024-02-21 16:35:13,011] base.py->_execute_context [line:1772] - INFO: SELECT device_info.id AS device_info_id, device_info.device_type AS device_info_device_type, device_info.device_prefix AS device_info_device_prefix, device_info.device_real_data AS device_info_device_real_data, device_info.device_alarm AS device_info_device_alarm, device_info.device_fault AS device_info_device_fault, device_info.device_alarm_restore AS device_info_device_alarm_restore, device_info.device_fault_restore AS device_info_device_fault_restore, device_info.remark AS device_info_remark 
FROM device_info 
WHERE device_info.device_type = %(device_type_1)s
[2024-02-21 16:35:13,011] base.py->_execute_context [line:1777] - INFO: [cached since 0.3102s ago] {'device_type_1': 'EMR1002'}
[2024-02-21 16:35:13,105] TcpUtils.py->handle_device_data [line:153] - INFO: 报警触发随机数：0.35
[2024-02-21 16:36:12,699] TcpUtils.py->heartbeat [line:127] - INFO: 进入心跳函数
[2024-02-21 16:36:12,699] DeviceAgreement.py->heart_data [line:53] - INFO: 发送的心跳协议：4040100a444A3230323330303035003000011a9eff00040000010065D5B5FC0E5A2323
[2024-02-21 16:36:12,702] TcpUtils.py->heartbeat [line:127] - INFO: 进入心跳函数
[2024-02-21 16:36:12,702] DeviceAgreement.py->heart_data [line:53] - INFO: 发送的心跳协议：4040100a4941323130393030393700700001106cff00040000010065D5B5FCE5672323
[2024-02-21 16:36:12,704] TcpUtils.py->heartbeat [line:127] - INFO: 进入心跳函数
[2024-02-21 16:36:12,704] DeviceAgreement.py->heart_data [line:53] - INFO: 发送的心跳协议：4040100a4353313233343536373801000001199aff00040000010065D5B5FC06F52323
[2024-02-21 16:37:12,699] TcpUtils.py->heartbeat [line:127] - INFO: 进入心跳函数
[2024-02-21 16:37:12,699] DeviceAgreement.py->heart_data [line:53] - INFO: 发送的心跳协议：4040100a444A323032333030303500300001129cff00040000010065D5B638E2BD2323
[2024-02-21 16:37:12,702] TcpUtils.py->heartbeat [line:127] - INFO: 进入心跳函数
[2024-02-21 16:37:12,702] DeviceAgreement.py->heart_data [line:53] - INFO: 发送的心跳协议：4040100a49413231303930303937007000012068ff00040000010065D5B638B9D62323
[2024-02-21 16:37:12,704] TcpUtils.py->heartbeat [line:127] - INFO: 进入心跳函数
[2024-02-21 16:37:12,704] DeviceAgreement.py->heart_data [line:53] - INFO: 发送的心跳协议：4040100a4353313233343536373801000001204aff00040000010065D5B638E26A2323
[2024-02-21 16:38:12,699] TcpUtils.py->heartbeat [line:127] - INFO: 进入心跳函数
[2024-02-21 16:38:12,699] DeviceAgreement.py->heart_data [line:53] - INFO: 发送的心跳协议：4040100a444A3230323330303035003000011974ff00040000010065D5B674BDC52323
[2024-02-21 16:38:12,702] TcpUtils.py->heartbeat [line:127] - INFO: 进入心跳函数
[2024-02-21 16:38:12,702] DeviceAgreement.py->heart_data [line:53] - INFO: 发送的心跳协议：4040100a49413231303930303937007000011922ff00040000010065D5B67452922323
[2024-02-21 16:38:12,704] TcpUtils.py->heartbeat [line:127] - INFO: 进入心跳函数
[2024-02-21 16:38:12,704] DeviceAgreement.py->heart_data [line:53] - INFO: 发送的心跳协议：4040100a43533132333435363738010000011f32ff00040000010065D5B674489E2323
[2024-02-21 16:39:12,699] TcpUtils.py->heartbeat [line:127] - INFO: 进入心跳函数
[2024-02-21 16:39:12,699] DeviceAgreement.py->heart_data [line:53] - INFO: 发送的心跳协议：4040100a444A3230323330303035003000011979ff00040000010065D5B6B0FD292323
[2024-02-21 16:39:12,702] TcpUtils.py->heartbeat [line:127] - INFO: 进入心跳函数
[2024-02-21 16:39:12,702] DeviceAgreement.py->heart_data [line:53] - INFO: 发送的心跳协议：4040100a494132313039303039370070000111c5ff00040000010065D5B6B0BCFB2323
[2024-02-21 16:39:12,704] TcpUtils.py->heartbeat [line:127] - INFO: 进入心跳函数
[2024-02-21 16:39:12,704] DeviceAgreement.py->heart_data [line:53] - INFO: 发送的心跳协议：4040100a435331323334353637380100000119a7ff00040000010065D5B6B090592323
[2024-02-21 16:40:12,699] TcpUtils.py->heartbeat [line:127] - INFO: 进入心跳函数
[2024-02-21 16:40:12,699] DeviceAgreement.py->heart_data [line:53] - INFO: 发送的心跳协议：4040100a444A3230323330303035003000011713ff00040000010065D5B6ECD2A72323
[2024-02-21 16:40:12,702] TcpUtils.py->heartbeat [line:127] - INFO: 进入心跳函数
[2024-02-21 16:40:12,702] DeviceAgreement.py->heart_data [line:53] - INFO: 发送的心跳协议：4040100a494132313039303039370070000115f8ff00040000010065D5B6EC92582323
[2024-02-21 16:40:12,704] TcpUtils.py->heartbeat [line:127] - INFO: 进入心跳函数
[2024-02-21 16:40:12,704] DeviceAgreement.py->heart_data [line:53] - INFO: 发送的心跳协议：4040100a43533132333435363738010000011c6aff00040000010065D5B6EC3EBB2323
[2024-02-21 16:41:12,699] TcpUtils.py->heartbeat [line:127] - INFO: 进入心跳函数
[2024-02-21 16:41:12,699] DeviceAgreement.py->heart_data [line:53] - INFO: 发送的心跳协议：4040100a444A32303233303030350030000119ffff00040000010065D5B728B1232323
[2024-02-21 16:41:12,702] TcpUtils.py->heartbeat [line:127] - INFO: 进入心跳函数
[2024-02-21 16:41:12,702] DeviceAgreement.py->heart_data [line:53] - INFO: 发送的心跳协议：4040100a49413231303930303937007000011e44ff00040000010065D5B72834102323
[2024-02-21 16:41:12,704] TcpUtils.py->heartbeat [line:127] - INFO: 进入心跳函数
[2024-02-21 16:41:12,704] DeviceAgreement.py->heart_data [line:53] - INFO: 发送的心跳协议：4040100a43533132333435363738010000011a40ff00040000010065D5B7285C2B2323
[2024-02-21 16:42:12,700] TcpUtils.py->heartbeat [line:127] - INFO: 进入心跳函数
[2024-02-21 16:42:12,700] DeviceAgreement.py->heart_data [line:53] - INFO: 发送的心跳协议：4040100a444A32303233303030350030000110fbff00040000010065D5B76442CE2323
[2024-02-21 16:42:12,703] TcpUtils.py->heartbeat [line:127] - INFO: 进入心跳函数
[2024-02-21 16:42:12,703] DeviceAgreement.py->heart_data [line:53] - INFO: 发送的心跳协议：4040100a4941323130393030393700700001175cff00040000010065D5B764282C2323
[2024-02-21 16:42:12,705] TcpUtils.py->heartbeat [line:127] - INFO: 进入心跳函数
[2024-02-21 16:42:12,705] DeviceAgreement.py->heart_data [line:53] - INFO: 发送的心跳协议：4040100a43533132333435363738010000011325ff00040000010065D5B764ECBB2323
[2024-02-21 16:43:12,700] TcpUtils.py->heartbeat [line:127] - INFO: 进入心跳函数
[2024-02-21 16:43:12,700] DeviceAgreement.py->heart_data [line:53] - INFO: 发送的心跳协议：4040100a444A3230323330303035003000011050ff00040000010065D5B7A0CBA92323
[2024-02-21 16:43:12,703] TcpUtils.py->heartbeat [line:127] - INFO: 进入心跳函数
[2024-02-21 16:43:12,703] DeviceAgreement.py->heart_data [line:53] - INFO: 发送的心跳协议：4040100a49413231303930303937007000011aaaff00040000010065D5B7A0FF752323
[2024-02-21 16:43:12,705] TcpUtils.py->heartbeat [line:127] - INFO: 进入心跳函数
[2024-02-21 16:43:12,705] DeviceAgreement.py->heart_data [line:53] - INFO: 发送的心跳协议：4040100a435331323334353637380100000117f1ff00040000010065D5B7A08A872323
[2024-02-21 16:44:12,701] TcpUtils.py->heartbeat [line:127] - INFO: 进入心跳函数
[2024-02-21 16:44:12,701] DeviceAgreement.py->heart_data [line:53] - INFO: 发送的心跳协议：4040100a444A323032333030303500300001228aff00040000010065D5B7DC3E342323
[2024-02-21 16:44:12,704] TcpUtils.py->heartbeat [line:127] - INFO: 进入心跳函数
[2024-02-21 16:44:12,705] DeviceAgreement.py->heart_data [line:53] - INFO: 发送的心跳协议：4040100a494132313039303039370070000114d2ff00040000010065D5B7DC30C22323
[2024-02-21 16:44:12,706] TcpUtils.py->heartbeat [line:127] - INFO: 进入心跳函数
[2024-02-21 16:44:12,706] DeviceAgreement.py->heart_data [line:53] - INFO: 发送的心跳协议：4040100a43533132333435363738010000011e06ff00040000010065D5B7DC682D2323
[2024-02-21 16:45:12,701] TcpUtils.py->heartbeat [line:127] - INFO: 进入心跳函数
[2024-02-21 16:45:12,701] DeviceAgreement.py->heart_data [line:53] - INFO: 发送的心跳协议：4040100a444A3230323330303035003000011338ff00040000010065D5B818D5C82323
[2024-02-21 16:45:12,705] TcpUtils.py->heartbeat [line:127] - INFO: 进入心跳函数
[2024-02-21 16:45:12,705] DeviceAgreement.py->heart_data [line:53] - INFO: 发送的心跳协议：4040100a49413231303930303937007000011013ff00040000010065D5B81855362323
[2024-02-21 16:45:12,706] TcpUtils.py->heartbeat [line:127] - INFO: 进入心跳函数
[2024-02-21 16:45:12,706] DeviceAgreement.py->heart_data [line:53] - INFO: 发送的心跳协议：4040100a43533132333435363738010000011192ff00040000010065D5B8184A0F2323
[2024-02-21 16:46:12,701] TcpUtils.py->heartbeat [line:127] - INFO: 进入心跳函数
[2024-02-21 16:46:12,701] DeviceAgreement.py->heart_data [line:53] - INFO: 发送的心跳协议：4040100a444A3230323330303035003000011c08ff00040000010065D5B8546F9D2323
[2024-02-21 16:46:12,705] TcpUtils.py->heartbeat [line:127] - INFO: 进入心跳函数
[2024-02-21 16:46:12,705] DeviceAgreement.py->heart_data [line:53] - INFO: 发送的心跳协议：4040100a4941323130393030393700700001130fff00040000010065D5B8548CE32323
[2024-02-21 16:46:12,706] TcpUtils.py->heartbeat [line:127] - INFO: 进入心跳函数
[2024-02-21 16:46:12,706] DeviceAgreement.py->heart_data [line:53] - INFO: 发送的心跳协议：4040100a435331323334353637380100000111f6ff00040000010065D5B854F07F2323
[2024-02-21 16:47:12,701] TcpUtils.py->heartbeat [line:127] - INFO: 进入心跳函数
[2024-02-21 16:47:12,701] DeviceAgreement.py->heart_data [line:53] - INFO: 发送的心跳协议：4040100a444A3230323330303035003000011eecff00040000010065D5B8908FE82323
[2024-02-21 16:47:12,705] TcpUtils.py->heartbeat [line:127] - INFO: 进入心跳函数
[2024-02-21 16:47:12,705] DeviceAgreement.py->heart_data [line:53] - INFO: 发送的心跳协议：4040100a49413231303930303937007000011b89ff00040000010065D5B89021F72323
[2024-02-21 16:47:12,706] TcpUtils.py->heartbeat [line:127] - INFO: 进入心跳函数
[2024-02-21 16:47:12,706] DeviceAgreement.py->heart_data [line:53] - INFO: 发送的心跳协议：4040100a43533132333435363738010000011682ff00040000010065D5B89094C52323
[2024-02-21 16:48:12,702] TcpUtils.py->heartbeat [line:127] - INFO: 进入心跳函数
[2024-02-21 16:48:12,702] DeviceAgreement.py->heart_data [line:53] - INFO: 发送的心跳协议：4040100a444A3230323330303035003000011e2cff00040000010065D5B8CCF7EB2323
[2024-02-21 16:48:12,705] TcpUtils.py->heartbeat [line:127] - INFO: 进入心跳函数
[2024-02-21 16:48:12,705] DeviceAgreement.py->heart_data [line:53] - INFO: 发送的心跳协议：4040100a49413231303930303937007000011ac5ff00040000010065D5B8CCB6E42323
[2024-02-21 16:48:12,706] TcpUtils.py->heartbeat [line:127] - INFO: 进入心跳函数
[2024-02-21 16:48:12,706] DeviceAgreement.py->heart_data [line:53] - INFO: 发送的心跳协议：4040100a43533132333435363738010000012013ff00040000010065D5B8CCD9B32323
[2024-02-21 16:49:12,702] TcpUtils.py->heartbeat [line:127] - INFO: 进入心跳函数
[2024-02-21 16:49:12,702] DeviceAgreement.py->heart_data [line:53] - INFO: 发送的心跳协议：4040100a444A3230323330303035003000011899ff00040000010065D5B90800AC2323
[2024-02-21 16:49:12,705] TcpUtils.py->heartbeat [line:127] - INFO: 进入心跳函数
[2024-02-21 16:49:12,705] DeviceAgreement.py->heart_data [line:53] - INFO: 发送的心跳协议：4040100a49413231303930303937007000011040ff00040000010065D5B908CDF22323
[2024-02-21 16:49:12,706] TcpUtils.py->heartbeat [line:127] - INFO: 进入心跳函数
[2024-02-21 16:49:12,706] DeviceAgreement.py->heart_data [line:53] - INFO: 发送的心跳协议：4040100a43533132333435363738010000011b8eff00040000010065D5B908F3C62323
[2024-02-21 16:50:12,703] TcpUtils.py->heartbeat [line:127] - INFO: 进入心跳函数
[2024-02-21 16:50:12,703] DeviceAgreement.py->heart_data [line:53] - INFO: 发送的心跳协议：4040100a444A3230323330303035003000011951ff00040000010065D5B944EA4D2323
[2024-02-21 16:50:12,706] TcpUtils.py->heartbeat [line:127] - INFO: 进入心跳函数
[2024-02-21 16:50:12,706] DeviceAgreement.py->heart_data [line:53] - INFO: 发送的心跳协议：4040100a49413231303930303937007000011ca9ff00040000010065D5B944167C2323
[2024-02-21 16:50:12,707] TcpUtils.py->heartbeat [line:127] - INFO: 进入心跳函数
[2024-02-21 16:50:12,707] DeviceAgreement.py->heart_data [line:53] - INFO: 发送的心跳协议：4040100a43533132333435363738010000011f29ff00040000010065D5B94488BF2323
[2024-02-21 16:50:13,017] TcpUtils.py->handle_device_data [line:153] - INFO: 报警触发随机数：0.29
[2024-02-21 16:51:12,703] TcpUtils.py->heartbeat [line:127] - INFO: 进入心跳函数
[2024-02-21 16:51:12,703] DeviceAgreement.py->heart_data [line:53] - INFO: 发送的心跳协议：4040100a444A32303233303030350030000121a9ff00040000010065D5B9801FB02323
[2024-02-21 16:51:12,706] TcpUtils.py->heartbeat [line:127] - INFO: 进入心跳函数
[2024-02-21 16:51:12,706] DeviceAgreement.py->heart_data [line:53] - INFO: 发送的心跳协议：4040100a49413231303930303937007000011d3eff00040000010065D5B9804E492323
[2024-02-21 16:51:12,707] TcpUtils.py->heartbeat [line:127] - INFO: 进入心跳函数
[2024-02-21 16:51:12,707] DeviceAgreement.py->heart_data [line:53] - INFO: 发送的心跳协议：4040100a435331323334353637380100000113dbff00040000010065D5B98011152323
[2024-02-21 16:52:12,704] TcpUtils.py->heartbeat [line:127] - INFO: 进入心跳函数
[2024-02-21 16:52:12,704] DeviceAgreement.py->heart_data [line:53] - INFO: 发送的心跳协议：4040100a444A3230323330303035003000012036ff00040000010065D5B9BC1A652323
[2024-02-21 16:52:12,707] TcpUtils.py->heartbeat [line:127] - INFO: 进入心跳函数
[2024-02-21 16:52:12,707] DeviceAgreement.py->heart_data [line:53] - INFO: 发送的心跳协议：4040100a4941323130393030393700700001203cff00040000010065D5B9BC25E22323
[2024-02-21 16:52:12,708] TcpUtils.py->heartbeat [line:127] - INFO: 进入心跳函数
[2024-02-21 16:52:12,708] DeviceAgreement.py->heart_data [line:53] - INFO: 发送的心跳协议：4040100a4353313233343536373801000001138cff00040000010065D5B9BC0B202323
[2024-02-21 16:53:12,705] TcpUtils.py->heartbeat [line:127] - INFO: 进入心跳函数
[2024-02-21 16:53:12,705] DeviceAgreement.py->heart_data [line:53] - INFO: 发送的心跳协议：4040100a444A3230323330303035003000011ec9ff00040000010065D5B9F842652323
[2024-02-21 16:53:12,708] TcpUtils.py->heartbeat [line:127] - INFO: 进入心跳函数
[2024-02-21 16:53:12,708] DeviceAgreement.py->heart_data [line:53] - INFO: 发送的心跳协议：4040100a49413231303930303937007000011964ff00040000010065D5B9F8309F2323
[2024-02-21 16:53:12,709] TcpUtils.py->heartbeat [line:127] - INFO: 进入心跳函数
[2024-02-21 16:53:12,709] DeviceAgreement.py->heart_data [line:53] - INFO: 发送的心跳协议：4040100a435331323334353637380100000115e6ff00040000010065D5B9F866B12323
[2024-02-21 16:54:12,706] TcpUtils.py->heartbeat [line:127] - INFO: 进入心跳函数
[2024-02-21 16:54:12,706] DeviceAgreement.py->heart_data [line:53] - INFO: 发送的心跳协议：4040100a444A32303233303030350030000113e6ff00040000010065D5BA3401E32323
[2024-02-21 16:54:12,709] TcpUtils.py->heartbeat [line:127] - INFO: 进入心跳函数
[2024-02-21 16:54:12,709] DeviceAgreement.py->heart_data [line:53] - INFO: 发送的心跳协议：4040100a49413231303930303937007000011229ff00040000010065D5BA34F2692323
[2024-02-21 16:54:12,710] TcpUtils.py->heartbeat [line:127] - INFO: 进入心跳函数
[2024-02-21 16:54:12,710] DeviceAgreement.py->heart_data [line:53] - INFO: 发送的心跳协议：4040100a43533132333435363738010000011b4aff00040000010065D5BA349C342323
[2024-02-21 16:55:12,706] TcpUtils.py->heartbeat [line:127] - INFO: 进入心跳函数
[2024-02-21 16:55:12,706] DeviceAgreement.py->heart_data [line:53] - INFO: 发送的心跳协议：4040100a444A3230323330303035003000011baaff00040000010065D5BA7055ED2323
[2024-02-21 16:55:12,709] TcpUtils.py->heartbeat [line:127] - INFO: 进入心跳函数
[2024-02-21 16:55:12,709] DeviceAgreement.py->heart_data [line:53] - INFO: 发送的心跳协议：4040100a494132313039303039370070000121b1ff00040000010065D5BA70AC0F2323
[2024-02-21 16:55:12,710] TcpUtils.py->heartbeat [line:127] - INFO: 进入心跳函数
[2024-02-21 16:55:12,710] DeviceAgreement.py->heart_data [line:53] - INFO: 发送的心跳协议：4040100a435331323334353637380100000112b2ff00040000010065D5BA70B88B2323
[2024-02-21 16:56:12,707] TcpUtils.py->heartbeat [line:127] - INFO: 进入心跳函数
[2024-02-21 16:56:12,707] DeviceAgreement.py->heart_data [line:53] - INFO: 发送的心跳协议：4040100a444A3230323330303035003000011c9cff00040000010065D5BAACC3AF2323
[2024-02-21 16:56:12,710] TcpUtils.py->heartbeat [line:127] - INFO: 进入心跳函数
[2024-02-21 16:56:12,710] DeviceAgreement.py->heart_data [line:53] - INFO: 发送的心跳协议：4040100a49413231303930303937007000011025ff00040000010065D5BAAC0A7F2323
[2024-02-21 16:56:12,711] TcpUtils.py->heartbeat [line:127] - INFO: 进入心跳函数
[2024-02-21 16:56:12,711] DeviceAgreement.py->heart_data [line:53] - INFO: 发送的心跳协议：4040100a435331323334353637380100000121c8ff00040000010065D5BAAC75972323
[2024-02-21 16:57:12,708] TcpUtils.py->heartbeat [line:127] - INFO: 进入心跳函数
[2024-02-21 16:57:12,708] DeviceAgreement.py->heart_data [line:53] - INFO: 发送的心跳协议：4040100a444A3230323330303035003000011cbeff00040000010065D5BAE888D72323
[2024-02-21 16:57:12,711] TcpUtils.py->heartbeat [line:127] - INFO: 进入心跳函数
[2024-02-21 16:57:12,711] DeviceAgreement.py->heart_data [line:53] - INFO: 发送的心跳协议：4040100a494132313039303039370070000114f4ff00040000010065D5BAE8C04E2323
[2024-02-21 16:57:12,712] TcpUtils.py->heartbeat [line:127] - INFO: 进入心跳函数
[2024-02-21 16:57:12,712] DeviceAgreement.py->heart_data [line:53] - INFO: 发送的心跳协议：4040100a43533132333435363738010000011f4bff00040000010065D5BAE842C62323
[2024-02-21 16:58:12,708] TcpUtils.py->heartbeat [line:127] - INFO: 进入心跳函数
[2024-02-21 16:58:12,708] DeviceAgreement.py->heart_data [line:53] - INFO: 发送的心跳协议：4040100a444A3230323330303035003000011143ff00040000010065D5BB24D26B2323
[2024-02-21 16:58:12,711] TcpUtils.py->heartbeat [line:127] - INFO: 进入心跳函数
[2024-02-21 16:58:12,711] DeviceAgreement.py->heart_data [line:53] - INFO: 发送的心跳协议：4040100a49413231303930303937007000011d4fff00040000010065D5BB2429F52323
[2024-02-21 16:58:12,712] TcpUtils.py->heartbeat [line:127] - INFO: 进入心跳函数
[2024-02-21 16:58:12,712] DeviceAgreement.py->heart_data [line:53] - INFO: 发送的心跳协议：4040100a43533132333435363738010000011776ff00040000010065D5BB245C752323
[2024-02-21 16:59:12,709] TcpUtils.py->heartbeat [line:127] - INFO: 进入心跳函数
[2024-02-21 16:59:12,709] DeviceAgreement.py->heart_data [line:53] - INFO: 发送的心跳协议：4040100a444A3230323330303035003000011760ff00040000010065D5BB609CE72323
[2024-02-21 16:59:12,712] TcpUtils.py->heartbeat [line:127] - INFO: 进入心跳函数
[2024-02-21 16:59:12,712] DeviceAgreement.py->heart_data [line:53] - INFO: 发送的心跳协议：4040100a49413231303930303937007000011e8fff00040000010065D5BB6098F32323
[2024-02-21 16:59:12,713] TcpUtils.py->heartbeat [line:127] - INFO: 进入心跳函数
[2024-02-21 16:59:12,713] DeviceAgreement.py->heart_data [line:53] - INFO: 发送的心跳协议：4040100a43533132333435363738010000011107ff00040000010065D5BB6015C02323
[2024-02-21 17:00:12,710] TcpUtils.py->heartbeat [line:127] - INFO: 进入心跳函数
[2024-02-21 17:00:12,710] DeviceAgreement.py->heart_data [line:53] - INFO: 发送的心跳协议：4040100a444A32303233303030350030000118e9ff00040000010065D5BB9CB0ED2323
[2024-02-21 17:00:12,713] TcpUtils.py->heartbeat [line:127] - INFO: 进入心跳函数
[2024-02-21 17:00:12,713] DeviceAgreement.py->heart_data [line:53] - INFO: 发送的心跳协议：4040100a49413231303930303937007000011bd4ff00040000010065D5BB9CC7DA2323
[2024-02-21 17:00:12,714] TcpUtils.py->heartbeat [line:127] - INFO: 进入心跳函数
[2024-02-21 17:00:12,714] DeviceAgreement.py->heart_data [line:53] - INFO: 发送的心跳协议：4040100a435331323334353637380100000112feff00040000010065D5BB9C8A9A2323
[2024-02-21 17:01:12,711] TcpUtils.py->heartbeat [line:127] - INFO: 进入心跳函数
[2024-02-21 17:01:12,711] DeviceAgreement.py->heart_data [line:53] - INFO: 发送的心跳协议：4040100a444A3230323330303035003000011d26ff00040000010065D5BBD8D3F62323
[2024-02-21 17:01:12,714] TcpUtils.py->heartbeat [line:127] - INFO: 进入心跳函数
[2024-02-21 17:01:12,714] DeviceAgreement.py->heart_data [line:53] - INFO: 发送的心跳协议：4040100a4941323130393030393700700001189fff00040000010065D5BBD8D33B2323
[2024-02-21 17:01:12,715] TcpUtils.py->heartbeat [line:127] - INFO: 进入心跳函数
[2024-02-21 17:01:12,715] DeviceAgreement.py->heart_data [line:53] - INFO: 发送的心跳协议：4040100a4353313233343536373801000001206eff00040000010065D5BBD88A1F2323
[2024-02-21 17:02:12,711] TcpUtils.py->heartbeat [line:127] - INFO: 进入心跳函数
[2024-02-21 17:02:12,711] DeviceAgreement.py->heart_data [line:53] - INFO: 发送的心跳协议：4040100a444A3230323330303035003000011045ff00040000010065D5BC147F632323
[2024-02-21 17:02:12,711] TcpUtils.py->send_msg [line:94] - INFO: Tcp服务在发送消息时连接异常，尝试重新连接(10s),[WinError 10053] 你的主机中的软件中止了一个已建立的连接。
[2024-02-21 17:02:12,713] TcpUtils.py->creat_connect [line:76] - INFO: connetion success...
[2024-02-21 17:02:12,713] TcpUtils.py->creat_connect [line:77] - INFO: ('47.110.73.94', 17893)
[2024-02-21 17:02:12,715] TcpUtils.py->heartbeat [line:127] - INFO: 进入心跳函数
[2024-02-21 17:02:12,715] DeviceAgreement.py->heart_data [line:53] - INFO: 发送的心跳协议：4040100a49413231303930303937007000012120ff00040000010065D5BC14A5332323
[2024-02-21 17:02:12,715] TcpUtils.py->send_msg [line:94] - INFO: Tcp服务在发送消息时连接异常，尝试重新连接(10s),[WinError 10053] 你的主机中的软件中止了一个已建立的连接。
[2024-02-21 17:02:12,715] TcpUtils.py->creat_connect [line:76] - INFO: connetion success...
[2024-02-21 17:02:12,715] TcpUtils.py->creat_connect [line:77] - INFO: ('47.110.73.94', 17893)
[2024-02-21 17:02:12,716] TcpUtils.py->heartbeat [line:127] - INFO: 进入心跳函数
[2024-02-21 17:02:12,716] DeviceAgreement.py->heart_data [line:53] - INFO: 发送的心跳协议：4040100a43533132333435363738010000011a42ff00040000010065D5BC14BAD52323
[2024-02-21 17:02:12,716] TcpUtils.py->send_msg [line:94] - INFO: Tcp服务在发送消息时连接异常，尝试重新连接(10s),[WinError 10053] 你的主机中的软件中止了一个已建立的连接。
[2024-02-21 17:02:12,716] TcpUtils.py->creat_connect [line:76] - INFO: connetion success...
[2024-02-21 17:02:12,716] TcpUtils.py->creat_connect [line:77] - INFO: ('47.110.73.94', 17893)
[2024-02-21 17:03:12,713] TcpUtils.py->heartbeat [line:127] - INFO: 进入心跳函数
[2024-02-21 17:03:12,713] DeviceAgreement.py->heart_data [line:53] - INFO: 发送的心跳协议：4040100a444A323032333030303500300001101bff00040000010065D5BC505B4A2323
[2024-02-21 17:03:12,715] TcpUtils.py->heartbeat [line:127] - INFO: 进入心跳函数
[2024-02-21 17:03:12,715] DeviceAgreement.py->heart_data [line:53] - INFO: 发送的心跳协议：4040100a49413231303930303937007000011e3eff00040000010065D5BC50414E2323
[2024-02-21 17:03:12,716] TcpUtils.py->heartbeat [line:127] - INFO: 进入心跳函数
[2024-02-21 17:03:12,716] DeviceAgreement.py->heart_data [line:53] - INFO: 发送的心跳协议：4040100a43533132333435363738010000012195ff00040000010065D5BC5087B92323
[2024-02-21 17:04:12,714] TcpUtils.py->heartbeat [line:127] - INFO: 进入心跳函数
[2024-02-21 17:04:12,714] DeviceAgreement.py->heart_data [line:53] - INFO: 发送的心跳协议：4040100a444A3230323330303035003000011e60ff00040000010065D5BC8CE8F92323
[2024-02-21 17:04:12,716] TcpUtils.py->heartbeat [line:127] - INFO: 进入心跳函数
[2024-02-21 17:04:12,716] DeviceAgreement.py->heart_data [line:53] - INFO: 发送的心跳协议：4040100a49413231303930303937007000011557ff00040000010065D5BC8CCFC92323
[2024-02-21 17:04:12,717] TcpUtils.py->heartbeat [line:127] - INFO: 进入心跳函数
[2024-02-21 17:04:12,717] DeviceAgreement.py->heart_data [line:53] - INFO: 发送的心跳协议：4040100a435331323334353637380100000112aeff00040000010065D5BC8CB6592323
[2024-02-21 17:05:12,715] TcpUtils.py->heartbeat [line:127] - INFO: 进入心跳函数
[2024-02-21 17:05:12,715] DeviceAgreement.py->heart_data [line:53] - INFO: 发送的心跳协议：4040100a444A3230323330303035003000011effff00040000010065D5BCC84E2E2323
[2024-02-21 17:05:12,717] TcpUtils.py->heartbeat [line:127] - INFO: 进入心跳函数
[2024-02-21 17:05:12,717] DeviceAgreement.py->heart_data [line:53] - INFO: 发送的心跳协议：4040100a49413231303930303937007000011215ff00040000010065D5BCC8433A2323
[2024-02-21 17:05:12,718] TcpUtils.py->heartbeat [line:127] - INFO: 进入心跳函数
[2024-02-21 17:05:12,718] DeviceAgreement.py->heart_data [line:53] - INFO: 发送的心跳协议：4040100a43533132333435363738010000011a65ff00040000010065D5BCC857A02323
[2024-02-21 17:05:13,072] TcpUtils.py->handle_device_data [line:153] - INFO: 报警触发随机数：0.52
[2024-02-21 17:05:13,166] TcpUtils.py->handle_device_data [line:153] - INFO: 报警触发随机数：0.03
[2024-02-21 17:06:12,715] TcpUtils.py->heartbeat [line:127] - INFO: 进入心跳函数
[2024-02-21 17:06:12,715] DeviceAgreement.py->heart_data [line:53] - INFO: 发送的心跳协议：4040100a444A323032333030303500300001148cff00040000010065D5BD04FA722323
[2024-02-21 17:06:12,717] TcpUtils.py->heartbeat [line:127] - INFO: 进入心跳函数
[2024-02-21 17:06:12,717] DeviceAgreement.py->heart_data [line:53] - INFO: 发送的心跳协议：4040100a49413231303930303937007000011ad8ff00040000010065D5BD045CCA2323
[2024-02-21 17:06:12,718] TcpUtils.py->heartbeat [line:127] - INFO: 进入心跳函数
[2024-02-21 17:06:12,718] DeviceAgreement.py->heart_data [line:53] - INFO: 发送的心跳协议：4040100a435331323334353637380100000110f5ff00040000010065D5BD04197A2323
[2024-02-21 17:07:12,715] TcpUtils.py->heartbeat [line:127] - INFO: 进入心跳函数
[2024-02-21 17:07:12,715] DeviceAgreement.py->heart_data [line:53] - INFO: 发送的心跳协议：4040100a444A323032333030303500300001130aff00040000010065D5BD40F8732323
[2024-02-21 17:07:12,717] TcpUtils.py->heartbeat [line:127] - INFO: 进入心跳函数
[2024-02-21 17:07:12,717] DeviceAgreement.py->heart_data [line:53] - INFO: 发送的心跳协议：4040100a49413231303930303937007000011128ff00040000010065D5BD40E5932323
[2024-02-21 17:07:12,718] TcpUtils.py->heartbeat [line:127] - INFO: 进入心跳函数
[2024-02-21 17:07:12,718] DeviceAgreement.py->heart_data [line:53] - INFO: 发送的心跳协议：4040100a4353313233343536373801000001145bff00040000010065D5BD40B81E2323
[2024-02-21 17:08:12,716] TcpUtils.py->heartbeat [line:127] - INFO: 进入心跳函数
[2024-02-21 17:08:12,716] DeviceAgreement.py->heart_data [line:53] - INFO: 发送的心跳协议：4040100a444A323032333030303500300001189bff00040000010065D5BD7C20572323
[2024-02-21 17:08:12,718] TcpUtils.py->heartbeat [line:127] - INFO: 进入心跳函数
[2024-02-21 17:08:12,718] DeviceAgreement.py->heart_data [line:53] - INFO: 发送的心跳协议：4040100a49413231303930303937007000011219ff00040000010065D5BD7CB42B2323
[2024-02-21 17:08:12,719] TcpUtils.py->heartbeat [line:127] - INFO: 进入心跳函数
[2024-02-21 17:08:12,719] DeviceAgreement.py->heart_data [line:53] - INFO: 发送的心跳协议：4040100a4353313233343536373801000001115eff00040000010065D5BD7CA01E2323
[2024-02-21 17:09:12,716] TcpUtils.py->heartbeat [line:127] - INFO: 进入心跳函数
[2024-02-21 17:09:12,716] DeviceAgreement.py->heart_data [line:53] - INFO: 发送的心跳协议：4040100a444A3230323330303035003000011aaeff00040000010065D5BDB8BD1D2323
[2024-02-21 17:09:12,718] TcpUtils.py->heartbeat [line:127] - INFO: 进入心跳函数
[2024-02-21 17:09:12,718] DeviceAgreement.py->heart_data [line:53] - INFO: 发送的心跳协议：4040100a49413231303930303937007000011679ff00040000010065D5BDB823A42323
[2024-02-21 17:09:12,719] TcpUtils.py->heartbeat [line:127] - INFO: 进入心跳函数
[2024-02-21 17:09:12,719] DeviceAgreement.py->heart_data [line:53] - INFO: 发送的心跳协议：4040100a435331323334353637380100000116b5ff00040000010065D5BDB851732323
[2024-02-21 17:10:12,716] TcpUtils.py->heartbeat [line:127] - INFO: 进入心跳函数
[2024-02-21 17:10:12,716] DeviceAgreement.py->heart_data [line:53] - INFO: 发送的心跳协议：4040100a444A3230323330303035003000011625ff00040000010065D5BDF421EA2323
[2024-02-21 17:10:12,718] TcpUtils.py->heartbeat [line:127] - INFO: 进入心跳函数
[2024-02-21 17:10:12,718] DeviceAgreement.py->heart_data [line:53] - INFO: 发送的心跳协议：4040100a49413231303930303937007000011b87ff00040000010065D5BDF44D1C2323
[2024-02-21 17:10:12,719] TcpUtils.py->heartbeat [line:127] - INFO: 进入心跳函数
[2024-02-21 17:10:12,719] DeviceAgreement.py->heart_data [line:53] - INFO: 发送的心跳协议：4040100a43533132333435363738010000011791ff00040000010065D5BDF455002323
[2024-02-21 17:11:12,717] TcpUtils.py->heartbeat [line:127] - INFO: 进入心跳函数
[2024-02-21 17:11:12,717] DeviceAgreement.py->heart_data [line:53] - INFO: 发送的心跳协议：4040100a444A3230323330303035003000011da0ff00040000010065D5BE30BBFF2323
[2024-02-21 17:11:12,719] TcpUtils.py->heartbeat [line:127] - INFO: 进入心跳函数
[2024-02-21 17:11:12,719] DeviceAgreement.py->heart_data [line:53] - INFO: 发送的心跳协议：4040100a49413231303930303937007000011ed1ff00040000010065D5BE30E3D92323
[2024-02-21 17:11:12,720] TcpUtils.py->heartbeat [line:127] - INFO: 进入心跳函数
[2024-02-21 17:11:12,720] DeviceAgreement.py->heart_data [line:53] - INFO: 发送的心跳协议：4040100a43533132333435363738010000011856ff00040000010065D5BE30B3E32323
[2024-02-21 17:12:12,717] TcpUtils.py->heartbeat [line:127] - INFO: 进入心跳函数
[2024-02-21 17:12:12,717] DeviceAgreement.py->heart_data [line:53] - INFO: 发送的心跳协议：4040100a444A323032333030303500300001107bff00040000010065D5BE6CAACB2323
[2024-02-21 17:12:12,719] TcpUtils.py->heartbeat [line:127] - INFO: 进入心跳函数
[2024-02-21 17:12:12,719] DeviceAgreement.py->heart_data [line:53] - INFO: 发送的心跳协议：4040100a49413231303930303937007000011425ff00040000010065D5BE6C1E732323
[2024-02-21 17:12:12,720] TcpUtils.py->heartbeat [line:127] - INFO: 进入心跳函数
[2024-02-21 17:12:12,720] DeviceAgreement.py->heart_data [line:53] - INFO: 发送的心跳协议：4040100a43533132333435363738010000012255ff00040000010065D5BE6C74BE2323
[2024-02-21 17:13:12,718] TcpUtils.py->heartbeat [line:127] - INFO: 进入心跳函数
[2024-02-21 17:13:12,718] DeviceAgreement.py->heart_data [line:53] - INFO: 发送的心跳协议：4040100a444A3230323330303035003000011363ff00040000010065D5BEA8DAEF2323
[2024-02-21 17:13:12,720] TcpUtils.py->heartbeat [line:127] - INFO: 进入心跳函数
[2024-02-21 17:13:12,720] DeviceAgreement.py->heart_data [line:53] - INFO: 发送的心跳协议：4040100a49413231303930303937007000011e28ff00040000010065D5BEA854872323
[2024-02-21 17:13:12,721] TcpUtils.py->heartbeat [line:127] - INFO: 进入心跳函数
[2024-02-21 17:13:12,721] DeviceAgreement.py->heart_data [line:53] - INFO: 发送的心跳协议：4040100a43533132333435363738010000011e4aff00040000010065D5BEA8303A2323
[2024-02-21 17:14:12,718] TcpUtils.py->heartbeat [line:127] - INFO: 进入心跳函数
[2024-02-21 17:14:12,718] DeviceAgreement.py->heart_data [line:53] - INFO: 发送的心跳协议：4040100a444A3230323330303035003000011c54ff00040000010065D5BEE4AB4F2323
[2024-02-21 17:14:12,720] TcpUtils.py->heartbeat [line:127] - INFO: 进入心跳函数
[2024-02-21 17:14:12,720] DeviceAgreement.py->heart_data [line:53] - INFO: 发送的心跳协议：4040100a49413231303930303937007000011c5eff00040000010065D5BEE494C82323
[2024-02-21 17:14:12,721] TcpUtils.py->heartbeat [line:127] - INFO: 进入心跳函数
[2024-02-21 17:14:12,721] DeviceAgreement.py->heart_data [line:53] - INFO: 发送的心跳协议：4040100a43533132333435363738010000011e84ff00040000010065D5BEE453D12323
[2024-02-21 17:15:12,718] TcpUtils.py->heartbeat [line:127] - INFO: 进入心跳函数
[2024-02-21 17:15:12,718] DeviceAgreement.py->heart_data [line:53] - INFO: 发送的心跳协议：4040100a444A3230323330303035003000011050ff00040000010065D5BF20ABAF2323
[2024-02-21 17:15:12,720] TcpUtils.py->heartbeat [line:127] - INFO: 进入心跳函数
[2024-02-21 17:15:12,720] DeviceAgreement.py->heart_data [line:53] - INFO: 发送的心跳协议：4040100a49413231303930303937007000011d27ff00040000010065D5BF2075972323
[2024-02-21 17:15:12,721] TcpUtils.py->heartbeat [line:127] - INFO: 进入心跳函数
[2024-02-21 17:15:12,721] DeviceAgreement.py->heart_data [line:53] - INFO: 发送的心跳协议：4040100a435331323334353637380100000113bfff00040000010065D5BF2086672323
[2024-02-21 17:16:12,719] TcpUtils.py->heartbeat [line:127] - INFO: 进入心跳函数
[2024-02-21 17:16:12,719] DeviceAgreement.py->heart_data [line:53] - INFO: 发送的心跳协议：4040100a444A32303233303030350030000121acff00040000010065D5BF5C2ABE2323
[2024-02-21 17:16:12,721] TcpUtils.py->heartbeat [line:127] - INFO: 进入心跳函数
[2024-02-21 17:16:12,721] DeviceAgreement.py->heart_data [line:53] - INFO: 发送的心跳协议：4040100a494132313039303039370070000119c5ff00040000010065D5BF5C29E32323
[2024-02-21 17:16:12,722] TcpUtils.py->heartbeat [line:127] - INFO: 进入心跳函数
[2024-02-21 17:16:12,722] DeviceAgreement.py->heart_data [line:53] - INFO: 发送的心跳协议：4040100a43533132333435363738010000011d5cff00040000010065D5BF5C13F62323
[2024-02-21 17:17:12,720] TcpUtils.py->heartbeat [line:127] - INFO: 进入心跳函数
[2024-02-21 17:17:12,720] DeviceAgreement.py->heart_data [line:53] - INFO: 发送的心跳协议：4040100a444A3230323330303035003000011039ff00040000010065D5BF9845332323
[2024-02-21 17:17:12,722] TcpUtils.py->heartbeat [line:127] - INFO: 进入心跳函数
[2024-02-21 17:17:12,722] DeviceAgreement.py->heart_data [line:53] - INFO: 发送的心跳协议：4040100a49413231303930303937007000011080ff00040000010065D5BF9840F22323
[2024-02-21 17:17:12,723] TcpUtils.py->heartbeat [line:127] - INFO: 进入心跳函数
[2024-02-21 17:17:12,723] DeviceAgreement.py->heart_data [line:53] - INFO: 发送的心跳协议：4040100a435331323334353637380100000118ffff00040000010065D5BF98407C2323
[2024-02-21 17:18:12,720] TcpUtils.py->heartbeat [line:127] - INFO: 进入心跳函数
[2024-02-21 17:18:12,720] DeviceAgreement.py->heart_data [line:53] - INFO: 发送的心跳协议：4040100a444A3230323330303035003000011024ff00040000010065D5BFD49C1E2323
[2024-02-21 17:18:12,722] TcpUtils.py->heartbeat [line:127] - INFO: 进入心跳函数
[2024-02-21 17:18:12,722] DeviceAgreement.py->heart_data [line:53] - INFO: 发送的心跳协议：4040100a49413231303930303937007000011e4dff00040000010065D5BFD4A90B2323
[2024-02-21 17:18:12,723] TcpUtils.py->heartbeat [line:127] - INFO: 进入心跳函数
[2024-02-21 17:18:12,723] DeviceAgreement.py->heart_data [line:53] - INFO: 发送的心跳协议：4040100a435331323334353637380100000121baff00040000010065D5BFD4BF2C2323
[2024-02-21 17:19:12,721] TcpUtils.py->heartbeat [line:127] - INFO: 进入心跳函数
[2024-02-21 17:19:12,721] DeviceAgreement.py->heart_data [line:53] - INFO: 发送的心跳协议：4040100a444A32303233303030350030000116d7ff00040000010065D5C010FC712323
[2024-02-21 17:19:12,723] TcpUtils.py->heartbeat [line:127] - INFO: 进入心跳函数
[2024-02-21 17:19:12,723] DeviceAgreement.py->heart_data [line:53] - INFO: 发送的心跳协议：4040100a49413231303930303937007000011fe9ff00040000010065D5C010855A2323
[2024-02-21 17:19:12,724] TcpUtils.py->heartbeat [line:127] - INFO: 进入心跳函数
[2024-02-21 17:19:12,724] DeviceAgreement.py->heart_data [line:53] - INFO: 发送的心跳协议：4040100a435331323334353637380100000117fdff00040000010065D5C010DEB12323
[2024-02-21 17:20:12,721] TcpUtils.py->heartbeat [line:127] - INFO: 进入心跳函数
[2024-02-21 17:20:12,721] DeviceAgreement.py->heart_data [line:53] - INFO: 发送的心跳协议：4040100a444A3230323330303035003000011c7dff00040000010065D5C04C16F22323
[2024-02-21 17:20:12,723] TcpUtils.py->heartbeat [line:127] - INFO: 进入心跳函数
[2024-02-21 17:20:12,723] DeviceAgreement.py->heart_data [line:53] - INFO: 发送的心跳协议：4040100a49413231303930303937007000011757ff00040000010065D5C04C1DEE2323
[2024-02-21 17:20:12,724] TcpUtils.py->heartbeat [line:127] - INFO: 进入心跳函数
[2024-02-21 17:20:12,724] DeviceAgreement.py->heart_data [line:53] - INFO: 发送的心跳协议：4040100a435331323334353637380100000118ebff00040000010065D5C04C1F6C2323
[2024-02-21 17:20:13,113] TcpUtils.py->handle_device_data [line:153] - INFO: 报警触发随机数：0.98
[2024-02-21 17:20:13,113] DeviceAgreement.py->device_code_config [line:98] - INFO: 发送的协议：404004138a494132313039303039370070ff0004000e010943671b5b000000dc65D5C04D649B2323
[2024-02-21 17:20:13,129] TcpUtils.py->handle_device_data [line:163] - INFO: 可以发送报警数据：404004138a494132313039303039370070ff0004000e010943671b5b000000dc65D5C04D649B2323
[2024-02-21 17:21:12,722] TcpUtils.py->heartbeat [line:127] - INFO: 进入心跳函数
[2024-02-21 17:21:12,722] DeviceAgreement.py->heart_data [line:53] - INFO: 发送的心跳协议：4040100a444A3230323330303035003000011052ff00040000010065D5C088E2772323
[2024-02-21 17:21:12,724] TcpUtils.py->heartbeat [line:127] - INFO: 进入心跳函数
[2024-02-21 17:21:12,724] DeviceAgreement.py->heart_data [line:53] - INFO: 发送的心跳协议：4040100a49413231303930303937007000011dcbff00040000010065D5C08815242323
[2024-02-21 17:21:12,725] TcpUtils.py->heartbeat [line:127] - INFO: 进入心跳函数
[2024-02-21 17:21:12,725] DeviceAgreement.py->heart_data [line:53] - INFO: 发送的心跳协议：4040100a435331323334353637380100000114b0ff00040000010065D5C0885B592323
[2024-02-21 17:22:12,722] TcpUtils.py->heartbeat [line:127] - INFO: 进入心跳函数
[2024-02-21 17:22:12,722] DeviceAgreement.py->heart_data [line:53] - INFO: 发送的心跳协议：4040100a444A323032333030303500300001108cff00040000010065D5C0C47E5D2323
[2024-02-21 17:22:12,724] TcpUtils.py->heartbeat [line:127] - INFO: 进入心跳函数
[2024-02-21 17:22:12,724] DeviceAgreement.py->heart_data [line:53] - INFO: 发送的心跳协议：4040100a49413231303930303937007000011e71ff00040000010065D5C0C4057A2323
[2024-02-21 17:22:12,725] TcpUtils.py->heartbeat [line:127] - INFO: 进入心跳函数
[2024-02-21 17:22:12,725] DeviceAgreement.py->heart_data [line:53] - INFO: 发送的心跳协议：4040100a43533132333435363738010000011512ff00040000010065D5C0C429202323
[2024-02-21 17:23:12,722] TcpUtils.py->heartbeat [line:127] - INFO: 进入心跳函数
[2024-02-21 17:23:12,722] DeviceAgreement.py->heart_data [line:53] - INFO: 发送的心跳协议：4040100a444A3230323330303035003000012144ff00040000010065D5C10092FC2323
[2024-02-21 17:23:12,724] TcpUtils.py->heartbeat [line:127] - INFO: 进入心跳函数
[2024-02-21 17:23:12,724] DeviceAgreement.py->heart_data [line:53] - INFO: 发送的心跳协议：4040100a49413231303930303937007000011464ff00040000010065D5C100FFAF2323
[2024-02-21 17:23:12,725] TcpUtils.py->heartbeat [line:127] - INFO: 进入心跳函数
[2024-02-21 17:23:12,725] DeviceAgreement.py->heart_data [line:53] - INFO: 发送的心跳协议：4040100a43533132333435363738010000011891ff00040000010065D5C1001D352323
[2024-02-21 17:24:12,722] TcpUtils.py->heartbeat [line:127] - INFO: 进入心跳函数
[2024-02-21 17:24:12,722] DeviceAgreement.py->heart_data [line:53] - INFO: 发送的心跳协议：4040100a444A323032333030303500300001108aff00040000010065D5C13C64552323
[2024-02-21 17:24:12,724] TcpUtils.py->heartbeat [line:127] - INFO: 进入心跳函数
[2024-02-21 17:24:12,724] DeviceAgreement.py->heart_data [line:53] - INFO: 发送的心跳协议：4040100a49413231303930303937007000011a27ff00040000010065D5C13C5BBC2323
[2024-02-21 17:24:12,725] TcpUtils.py->heartbeat [line:127] - INFO: 进入心跳函数
[2024-02-21 17:24:12,725] DeviceAgreement.py->heart_data [line:53] - INFO: 发送的心跳协议：4040100a43533132333435363738010000011a37ff00040000010065D5C13C87B92323
[2024-02-21 17:25:12,723] TcpUtils.py->heartbeat [line:127] - INFO: 进入心跳函数
[2024-02-21 17:25:12,723] DeviceAgreement.py->heart_data [line:53] - INFO: 发送的心跳协议：4040100a444A3230323330303035003000011183ff00040000010065D5C178CA4B2323
[2024-02-21 17:25:12,725] TcpUtils.py->heartbeat [line:127] - INFO: 进入心跳函数
[2024-02-21 17:25:12,725] DeviceAgreement.py->heart_data [line:53] - INFO: 发送的心跳协议：4040100a4941323130393030393700700001104dff00040000010065D5C178FA3C2323
[2024-02-21 17:25:12,726] TcpUtils.py->heartbeat [line:127] - INFO: 进入心跳函数
[2024-02-21 17:25:12,726] DeviceAgreement.py->heart_data [line:53] - INFO: 发送的心跳协议：4040100a43533132333435363738010000011612ff00040000010065D5C178CB252323
[2024-02-21 17:26:12,723] TcpUtils.py->heartbeat [line:127] - INFO: 进入心跳函数
[2024-02-21 17:26:12,723] DeviceAgreement.py->heart_data [line:53] - INFO: 发送的心跳协议：4040100a444A32303233303030350030000111b6ff00040000010065D5C1B4D3072323
[2024-02-21 17:26:12,725] TcpUtils.py->heartbeat [line:127] - INFO: 进入心跳函数
[2024-02-21 17:26:12,725] DeviceAgreement.py->heart_data [line:53] - INFO: 发送的心跳协议：4040100a49413231303930303937007000011fb5ff00040000010065D5C1B47E8A2323
[2024-02-21 17:26:12,726] TcpUtils.py->heartbeat [line:127] - INFO: 进入心跳函数
[2024-02-21 17:26:12,726] DeviceAgreement.py->heart_data [line:53] - INFO: 发送的心跳协议：4040100a43533132333435363738010000011174ff00040000010065D5C1B451A62323
[2024-02-21 17:27:12,724] TcpUtils.py->heartbeat [line:127] - INFO: 进入心跳函数
[2024-02-21 17:27:12,724] DeviceAgreement.py->heart_data [line:53] - INFO: 发送的心跳协议：4040100a444A3230323330303035003000011878ff00040000010065D5C1F0BFF02323
[2024-02-21 17:27:12,726] TcpUtils.py->heartbeat [line:127] - INFO: 进入心跳函数
[2024-02-21 17:27:12,726] DeviceAgreement.py->heart_data [line:53] - INFO: 发送的心跳协议：4040100a49413231303930303937007000011c69ff00040000010065D5C1F0205D2323
[2024-02-21 17:27:12,727] TcpUtils.py->heartbeat [line:127] - INFO: 进入心跳函数
[2024-02-21 17:27:12,727] DeviceAgreement.py->heart_data [line:53] - INFO: 发送的心跳协议：4040100a435331323334353637380100000116b0ff00040000010065D5C1F0AB5F2323
[2024-02-21 17:28:12,724] TcpUtils.py->heartbeat [line:127] - INFO: 进入心跳函数
[2024-02-21 17:28:12,724] DeviceAgreement.py->heart_data [line:53] - INFO: 发送的心跳协议：4040100a444A3230323330303035003000011cbfff00040000010065D5C22CD8092323
[2024-02-21 17:28:12,726] TcpUtils.py->heartbeat [line:127] - INFO: 进入心跳函数
[2024-02-21 17:28:12,726] DeviceAgreement.py->heart_data [line:53] - INFO: 发送的心跳协议：4040100a49413231303930303937007000011cd4ff00040000010065D5C22CA4F32323
[2024-02-21 17:28:12,727] TcpUtils.py->heartbeat [line:127] - INFO: 进入心跳函数
[2024-02-21 17:28:12,727] DeviceAgreement.py->heart_data [line:53] - INFO: 发送的心跳协议：4040100a4353313233343536373801000001218dff00040000010065D5C22CE6B92323
[2024-02-21 17:29:12,725] TcpUtils.py->heartbeat [line:127] - INFO: 进入心跳函数
[2024-02-21 17:29:12,725] DeviceAgreement.py->heart_data [line:53] - INFO: 发送的心跳协议：4040100a444A3230323330303035003000011acaff00040000010065D5C2685E4D2323
[2024-02-21 17:29:12,727] TcpUtils.py->heartbeat [line:127] - INFO: 进入心跳函数
[2024-02-21 17:29:12,727] DeviceAgreement.py->heart_data [line:53] - INFO: 发送的心跳协议：4040100a4941323130393030393700700001215cff00040000010065D5C2688B422323
[2024-02-21 17:29:12,728] TcpUtils.py->heartbeat [line:127] - INFO: 进入心跳函数
[2024-02-21 17:29:12,728] DeviceAgreement.py->heart_data [line:53] - INFO: 发送的心跳协议：4040100a43533132333435363738010000011351ff00040000010065D5C268C92D2323
[2024-02-21 17:30:12,725] TcpUtils.py->heartbeat [line:127] - INFO: 进入心跳函数
[2024-02-21 17:30:12,725] DeviceAgreement.py->heart_data [line:53] - INFO: 发送的心跳协议：4040100a444A3230323330303035003000011471ff00040000010065D5C2A460FC2323
[2024-02-21 17:30:12,727] TcpUtils.py->heartbeat [line:127] - INFO: 进入心跳函数
[2024-02-21 17:30:12,727] DeviceAgreement.py->heart_data [line:53] - INFO: 发送的心跳协议：4040100a494132313039303039370070000118bcff00040000010065D5C2A4199C2323
[2024-02-21 17:30:12,728] TcpUtils.py->heartbeat [line:127] - INFO: 进入心跳函数
[2024-02-21 17:30:12,728] DeviceAgreement.py->heart_data [line:53] - INFO: 发送的心跳协议：4040100a43533132333435363738010000011d03ff00040000010065D5C2A415022323
[2024-02-21 17:31:12,725] TcpUtils.py->heartbeat [line:127] - INFO: 进入心跳函数
[2024-02-21 17:31:12,725] DeviceAgreement.py->heart_data [line:53] - INFO: 发送的心跳协议：4040100a444A32303233303030350030000121b6ff00040000010065D5C2E02C472323
[2024-02-21 17:31:12,727] TcpUtils.py->heartbeat [line:127] - INFO: 进入心跳函数
[2024-02-21 17:31:12,727] DeviceAgreement.py->heart_data [line:53] - INFO: 发送的心跳协议：4040100a4941323130393030393700700001198aff00040000010065D5C2E0E3D62323
[2024-02-21 17:31:12,728] TcpUtils.py->heartbeat [line:127] - INFO: 进入心跳函数
[2024-02-21 17:31:12,728] DeviceAgreement.py->heart_data [line:53] - INFO: 发送的心跳协议：4040100a435331323334353637380100000119b6ff00040000010065D5C2E090422323
[2024-02-21 17:32:12,726] TcpUtils.py->heartbeat [line:127] - INFO: 进入心跳函数
[2024-02-21 17:32:12,726] DeviceAgreement.py->heart_data [line:53] - INFO: 发送的心跳协议：4040100a444A3230323330303035003000011700ff00040000010065D5C31CFD442323
[2024-02-21 17:32:12,728] TcpUtils.py->heartbeat [line:127] - INFO: 进入心跳函数
[2024-02-21 17:32:12,728] DeviceAgreement.py->heart_data [line:53] - INFO: 发送的心跳协议：4040100a49413231303930303937007000011a6dff00040000010065D5C31CC4A52323
[2024-02-21 17:32:12,729] TcpUtils.py->heartbeat [line:127] - INFO: 进入心跳函数
[2024-02-21 17:32:12,729] DeviceAgreement.py->heart_data [line:53] - INFO: 发送的心跳协议：4040100a43533132333435363738010000011d96ff00040000010065D5C31C7ACC2323
[2024-02-21 17:33:12,726] TcpUtils.py->heartbeat [line:127] - INFO: 进入心跳函数
[2024-02-21 17:33:12,726] DeviceAgreement.py->heart_data [line:53] - INFO: 发送的心跳协议：4040100a444A3230323330303035003000012146ff00040000010065D5C358CF052323
[2024-02-21 17:33:12,728] TcpUtils.py->heartbeat [line:127] - INFO: 进入心跳函数
[2024-02-21 17:33:12,728] DeviceAgreement.py->heart_data [line:53] - INFO: 发送的心跳协议：4040100a494132313039303039370070000112faff00040000010065D5C358F58C2323
[2024-02-21 17:33:12,729] TcpUtils.py->heartbeat [line:127] - INFO: 进入心跳函数
[2024-02-21 17:33:12,729] DeviceAgreement.py->heart_data [line:53] - INFO: 发送的心跳协议：4040100a43533132333435363738010000011773ff00040000010065D5C358B15A2323
[2024-02-21 17:34:12,727] TcpUtils.py->heartbeat [line:127] - INFO: 进入心跳函数
[2024-02-21 17:34:12,727] DeviceAgreement.py->heart_data [line:53] - INFO: 发送的心跳协议：4040100a444A3230323330303035003000011411ff00040000010065D5C394647D2323
[2024-02-21 17:34:12,729] TcpUtils.py->heartbeat [line:127] - INFO: 进入心跳函数
[2024-02-21 17:34:12,729] DeviceAgreement.py->heart_data [line:53] - INFO: 发送的心跳协议：4040100a494132313039303039370070000111beff00040000010065D5C39493792323
[2024-02-21 17:34:12,730] TcpUtils.py->heartbeat [line:127] - INFO: 进入心跳函数
[2024-02-21 17:34:12,730] DeviceAgreement.py->heart_data [line:53] - INFO: 发送的心跳协议：4040100a43533132333435363738010000011301ff00040000010065D5C394D8EC2323
[2024-02-21 17:35:12,727] TcpUtils.py->heartbeat [line:127] - INFO: 进入心跳函数
[2024-02-21 17:35:12,727] DeviceAgreement.py->heart_data [line:53] - INFO: 发送的心跳协议：4040100a444A3230323330303035003000011d8bff00040000010065D5C3D007BB2323
[2024-02-21 17:35:12,729] TcpUtils.py->heartbeat [line:127] - INFO: 进入心跳函数
[2024-02-21 17:35:12,729] DeviceAgreement.py->heart_data [line:53] - INFO: 发送的心跳协议：4040100a49413231303930303937007000011f5aff00040000010065D5C3D01F1C2323
[2024-02-21 17:35:12,730] TcpUtils.py->heartbeat [line:127] - INFO: 进入心跳函数
[2024-02-21 17:35:12,730] DeviceAgreement.py->heart_data [line:53] - INFO: 发送的心跳协议：4040100a435331323334353637380100000114ddff00040000010065D5C3D002352323
[2024-02-21 17:35:13,173] TcpUtils.py->handle_device_data [line:153] - INFO: 报警触发随机数：0.31
[2024-02-21 17:35:13,250] TcpUtils.py->handle_device_data [line:153] - INFO: 报警触发随机数：0.15
[2024-02-21 17:36:12,728] TcpUtils.py->heartbeat [line:127] - INFO: 进入心跳函数
[2024-02-21 17:36:12,728] DeviceAgreement.py->heart_data [line:53] - INFO: 发送的心跳协议：4040100a444A323032333030303500300001134aff00040000010065D5C40CA2502323
[2024-02-21 17:36:12,730] TcpUtils.py->heartbeat [line:127] - INFO: 进入心跳函数
[2024-02-21 17:36:12,730] DeviceAgreement.py->heart_data [line:53] - INFO: 发送的心跳协议：4040100a49413231303930303937007000011cb5ff00040000010065D5C40C9F8C2323
[2024-02-21 17:36:12,731] TcpUtils.py->heartbeat [line:127] - INFO: 进入心跳函数
[2024-02-21 17:36:12,731] DeviceAgreement.py->heart_data [line:53] - INFO: 发送的心跳协议：4040100a43533132333435363738010000011902ff00040000010065D5C40C4CF32323
[2024-02-21 17:37:12,728] TcpUtils.py->heartbeat [line:127] - INFO: 进入心跳函数
[2024-02-21 17:37:12,728] DeviceAgreement.py->heart_data [line:53] - INFO: 发送的心跳协议：4040100a444A32303233303030350030000115d2ff00040000010065D5C448097B2323
[2024-02-21 17:37:12,730] TcpUtils.py->heartbeat [line:127] - INFO: 进入心跳函数
[2024-02-21 17:37:12,730] DeviceAgreement.py->heart_data [line:53] - INFO: 发送的心跳协议：4040100a494132313039303039370070000110efff00040000010065D5C448B8452323
[2024-02-21 17:37:12,731] TcpUtils.py->heartbeat [line:127] - INFO: 进入心跳函数
[2024-02-21 17:37:12,731] DeviceAgreement.py->heart_data [line:53] - INFO: 发送的心跳协议：4040100a43533132333435363738010000011f36ff00040000010065D5C448364B2323
[2024-02-21 17:38:12,729] TcpUtils.py->heartbeat [line:127] - INFO: 进入心跳函数
[2024-02-21 17:38:12,729] DeviceAgreement.py->heart_data [line:53] - INFO: 发送的心跳协议：4040100a444A32303233303030350030000118efff00040000010065D5C48482C52323
[2024-02-21 17:38:12,731] TcpUtils.py->heartbeat [line:127] - INFO: 进入心跳函数
[2024-02-21 17:38:12,731] DeviceAgreement.py->heart_data [line:53] - INFO: 发送的心跳协议：4040100a494132313039303039370070000115f2ff00040000010065D5C484C4652323
[2024-02-21 17:38:12,732] TcpUtils.py->heartbeat [line:127] - INFO: 进入心跳函数
[2024-02-21 17:38:12,732] DeviceAgreement.py->heart_data [line:53] - INFO: 发送的心跳协议：4040100a435331323334353637380100000114fcff00040000010065D5C484B14A2323
[2024-02-21 17:39:12,729] TcpUtils.py->heartbeat [line:127] - INFO: 进入心跳函数
[2024-02-21 17:39:12,729] DeviceAgreement.py->heart_data [line:53] - INFO: 发送的心跳协议：4040100a444A3230323330303035003000012242ff00040000010065D5C4C059F22323
[2024-02-21 17:39:12,731] TcpUtils.py->heartbeat [line:127] - INFO: 进入心跳函数
[2024-02-21 17:39:12,731] DeviceAgreement.py->heart_data [line:53] - INFO: 发送的心跳协议：4040100a49413231303930303937007000011a6bff00040000010065D5C4C065AE2323
[2024-02-21 17:39:12,732] TcpUtils.py->heartbeat [line:127] - INFO: 进入心跳函数
[2024-02-21 17:39:12,732] DeviceAgreement.py->heart_data [line:53] - INFO: 发送的心跳协议：4040100a435331323334353637380100000114acff00040000010065D5C4C0428A2323
[2024-02-21 17:40:12,730] TcpUtils.py->heartbeat [line:127] - INFO: 进入心跳函数
[2024-02-21 17:40:12,730] DeviceAgreement.py->heart_data [line:53] - INFO: 发送的心跳协议：4040100a444A3230323330303035003000011ae4ff00040000010065D5C4FC39272323
[2024-02-21 17:40:12,732] TcpUtils.py->heartbeat [line:127] - INFO: 进入心跳函数
[2024-02-21 17:40:12,732] DeviceAgreement.py->heart_data [line:53] - INFO: 发送的心跳协议：4040100a494132313039303039370070000120d0ff00040000010065D5C4FC6B502323
[2024-02-21 17:40:12,733] TcpUtils.py->heartbeat [line:127] - INFO: 进入心跳函数
[2024-02-21 17:40:12,733] DeviceAgreement.py->heart_data [line:53] - INFO: 发送的心跳协议：4040100a4353313233343536373801000001127dff00040000010065D5C4FCE8BC2323
[2024-02-21 17:41:12,730] TcpUtils.py->heartbeat [line:127] - INFO: 进入心跳函数
[2024-02-21 17:41:12,730] DeviceAgreement.py->heart_data [line:53] - INFO: 发送的心跳协议：4040100a444A323032333030303500300001131cff00040000010065D5C5382D982323
[2024-02-21 17:41:12,732] TcpUtils.py->heartbeat [line:127] - INFO: 进入心跳函数
[2024-02-21 17:41:12,732] DeviceAgreement.py->heart_data [line:53] - INFO: 发送的心跳协议：4040100a494132313039303039370070000120abff00040000010065D5C538CCF42323
[2024-02-21 17:41:12,733] TcpUtils.py->heartbeat [line:127] - INFO: 进入心跳函数
[2024-02-21 17:41:12,733] DeviceAgreement.py->heart_data [line:53] - INFO: 发送的心跳协议：4040100a435331323334353637380100000112e1ff00040000010065D5C5387A6F2323
[2024-02-21 17:42:12,731] TcpUtils.py->heartbeat [line:127] - INFO: 进入心跳函数
[2024-02-21 17:42:12,731] DeviceAgreement.py->heart_data [line:53] - INFO: 发送的心跳协议：4040100a444A323032333030303500300001102eff00040000010065D5C5749C252323
[2024-02-21 17:42:12,733] TcpUtils.py->heartbeat [line:127] - INFO: 进入心跳函数
[2024-02-21 17:42:12,733] DeviceAgreement.py->heart_data [line:53] - INFO: 发送的心跳协议：4040100a49413231303930303937007000011906ff00040000010065D5C57412C72323
[2024-02-21 17:42:12,734] TcpUtils.py->heartbeat [line:127] - INFO: 进入心跳函数
[2024-02-21 17:42:12,734] DeviceAgreement.py->heart_data [line:53] - INFO: 发送的心跳协议：4040100a4353313233343536373801000001211dff00040000010065D5C574AD792323
[2024-02-21 17:43:12,731] TcpUtils.py->heartbeat [line:127] - INFO: 进入心跳函数
[2024-02-21 17:43:12,731] DeviceAgreement.py->heart_data [line:53] - INFO: 发送的心跳协议：4040100a444A323032333030303500300001198fff00040000010065D5C5B0C4472323
[2024-02-21 17:43:12,733] TcpUtils.py->heartbeat [line:127] - INFO: 进入心跳函数
[2024-02-21 17:43:12,733] DeviceAgreement.py->heart_data [line:53] - INFO: 发送的心跳协议：4040100a494132313039303039370070000115e4ff00040000010065D5C5B074AC2323
[2024-02-21 17:43:12,734] TcpUtils.py->heartbeat [line:127] - INFO: 进入心跳函数
[2024-02-21 17:43:12,734] DeviceAgreement.py->heart_data [line:53] - INFO: 发送的心跳协议：4040100a43533132333435363738010000011812ff00040000010065D5C5B013302323
[2024-02-21 17:44:12,731] TcpUtils.py->heartbeat [line:127] - INFO: 进入心跳函数
[2024-02-21 17:44:12,731] DeviceAgreement.py->heart_data [line:53] - INFO: 发送的心跳协议：4040100a444A3230323330303035003000011399ff00040000010065D5C5EC00962323
[2024-02-21 17:44:12,733] TcpUtils.py->heartbeat [line:127] - INFO: 进入心跳函数
[2024-02-21 17:44:12,733] DeviceAgreement.py->heart_data [line:53] - INFO: 发送的心跳协议：4040100a494132313039303039370070000120aaff00040000010065D5C5EC50092323
[2024-02-21 17:44:12,734] TcpUtils.py->heartbeat [line:127] - INFO: 进入心跳函数
[2024-02-21 17:44:12,734] DeviceAgreement.py->heart_data [line:53] - INFO: 发送的心跳协议：4040100a43533132333435363738010000011461ff00040000010065D5C5EC9D642323
[2024-02-21 17:45:12,731] TcpUtils.py->heartbeat [line:127] - INFO: 进入心跳函数
[2024-02-21 17:45:12,731] DeviceAgreement.py->heart_data [line:53] - INFO: 发送的心跳协议：4040100a444A3230323330303035003000011f53ff00040000010065D5C628F69D2323
[2024-02-21 17:45:12,733] TcpUtils.py->heartbeat [line:127] - INFO: 进入心跳函数
[2024-02-21 17:45:12,733] DeviceAgreement.py->heart_data [line:53] - INFO: 发送的心跳协议：4040100a49413231303930303937007000011aafff00040000010065D5C628C55D2323
[2024-02-21 17:45:12,734] TcpUtils.py->heartbeat [line:127] - INFO: 进入心跳函数
[2024-02-21 17:45:12,734] DeviceAgreement.py->heart_data [line:53] - INFO: 发送的心跳协议：4040100a43533132333435363738010000012099ff00040000010065D5C62854882323
[2024-02-21 17:46:12,732] TcpUtils.py->heartbeat [line:127] - INFO: 进入心跳函数
[2024-02-21 17:46:12,732] DeviceAgreement.py->heart_data [line:53] - INFO: 发送的心跳协议：4040100a444A3230323330303035003000011325ff00040000010065D5C664B8C42323
[2024-02-21 17:46:12,734] TcpUtils.py->heartbeat [line:127] - INFO: 进入心跳函数
[2024-02-21 17:46:12,734] DeviceAgreement.py->heart_data [line:53] - INFO: 发送的心跳协议：4040100a49413231303930303937007000011695ff00040000010065D5C664A4152323
[2024-02-21 17:46:12,735] TcpUtils.py->heartbeat [line:127] - INFO: 进入心跳函数
[2024-02-21 17:46:12,735] DeviceAgreement.py->heart_data [line:53] - INFO: 发送的心跳协议：4040100a435331323334353637380100000118a3ff00040000010065D5C664418F2323
[2024-02-21 17:47:12,732] TcpUtils.py->heartbeat [line:127] - INFO: 进入心跳函数
[2024-02-21 17:47:12,732] DeviceAgreement.py->heart_data [line:53] - INFO: 发送的心跳协议：4040100a444A3230323330303035003000011b2dff00040000010065D5C6A0BC3B2323
[2024-02-21 17:47:12,734] TcpUtils.py->heartbeat [line:127] - INFO: 进入心跳函数
[2024-02-21 17:47:12,734] DeviceAgreement.py->heart_data [line:53] - INFO: 发送的心跳协议：4040100a49413231303930303937007000011126ff00040000010065D5C6A04A592323
[2024-02-21 17:47:12,735] TcpUtils.py->heartbeat [line:127] - INFO: 进入心跳函数
[2024-02-21 17:47:12,735] DeviceAgreement.py->heart_data [line:53] - INFO: 发送的心跳协议：4040100a4353313233343536373801000001121aff00040000010065D5C6A0FAC82323
[2024-02-21 17:48:12,732] TcpUtils.py->heartbeat [line:127] - INFO: 进入心跳函数
[2024-02-21 17:48:12,732] DeviceAgreement.py->heart_data [line:53] - INFO: 发送的心跳协议：4040100a444A3230323330303035003000011039ff00040000010065D5C6DCE6102323
[2024-02-21 17:48:12,734] TcpUtils.py->heartbeat [line:127] - INFO: 进入心跳函数
[2024-02-21 17:48:12,734] DeviceAgreement.py->heart_data [line:53] - INFO: 发送的心跳协议：4040100a494132313039303039370070000114d3ff00040000010065D5C6DCA31B2323
[2024-02-21 17:48:12,735] TcpUtils.py->heartbeat [line:127] - INFO: 进入心跳函数
[2024-02-21 17:48:12,735] DeviceAgreement.py->heart_data [line:53] - INFO: 发送的心跳协议：4040100a43533132333435363738010000011a8dff00040000010065D5C6DC19E02323
[2024-02-21 17:49:12,732] TcpUtils.py->heartbeat [line:127] - INFO: 进入心跳函数
[2024-02-21 17:49:12,732] DeviceAgreement.py->heart_data [line:53] - INFO: 发送的心跳协议：4040100a444A3230323330303035003000011146ff00040000010065D5C7180F472323
[2024-02-21 17:49:12,734] TcpUtils.py->heartbeat [line:127] - INFO: 进入心跳函数
[2024-02-21 17:49:12,734] DeviceAgreement.py->heart_data [line:53] - INFO: 发送的心跳协议：4040100a4941323130393030393700700001136dff00040000010065D5C7180EBB2323
[2024-02-21 17:49:12,735] TcpUtils.py->heartbeat [line:127] - INFO: 进入心跳函数
[2024-02-21 17:49:12,735] DeviceAgreement.py->heart_data [line:53] - INFO: 发送的心跳协议：4040100a43533132333435363738010000011e43ff00040000010065D5C71808042323
[2024-02-21 17:50:12,733] TcpUtils.py->heartbeat [line:127] - INFO: 进入心跳函数
[2024-02-21 17:50:12,733] DeviceAgreement.py->heart_data [line:53] - INFO: 发送的心跳协议：4040100a444A3230323330303035003000011357ff00040000010065D5C754847D2323
[2024-02-21 17:50:12,735] TcpUtils.py->heartbeat [line:127] - INFO: 进入心跳函数
[2024-02-21 17:50:12,735] DeviceAgreement.py->heart_data [line:53] - INFO: 发送的心跳协议：4040100a4941323130393030393700700001207bff00040000010065D5C7543F372323
[2024-02-21 17:50:12,736] TcpUtils.py->heartbeat [line:127] - INFO: 进入心跳函数
[2024-02-21 17:50:12,736] DeviceAgreement.py->heart_data [line:53] - INFO: 发送的心跳协议：4040100a4353313233343536373801000001204fff00040000010065D5C75493422323
[2024-02-21 17:50:13,241] TcpUtils.py->handle_device_data [line:153] - INFO: 报警触发随机数：0.51
[2024-02-21 17:51:12,733] TcpUtils.py->heartbeat [line:127] - INFO: 进入心跳函数
[2024-02-21 17:51:12,733] DeviceAgreement.py->heart_data [line:53] - INFO: 发送的心跳协议：4040100a444A323032333030303500300001109eff00040000010065D5C79089662323
[2024-02-21 17:51:12,735] TcpUtils.py->heartbeat [line:127] - INFO: 进入心跳函数
[2024-02-21 17:51:12,735] DeviceAgreement.py->heart_data [line:53] - INFO: 发送的心跳协议：4040100a49413231303930303937007000011f9bff00040000010065D5C790ADE12323
[2024-02-21 17:51:12,736] TcpUtils.py->heartbeat [line:127] - INFO: 进入心跳函数
[2024-02-21 17:51:12,736] DeviceAgreement.py->heart_data [line:53] - INFO: 发送的心跳协议：4040100a43533132333435363738010000012087ff00040000010065D5C7909EA12323
[2024-02-21 17:52:12,734] TcpUtils.py->heartbeat [line:127] - INFO: 进入心跳函数
[2024-02-21 17:52:12,734] DeviceAgreement.py->heart_data [line:53] - INFO: 发送的心跳协议：4040100a444A3230323330303035003000011a82ff00040000010065D5C7CC55AF2323
[2024-02-21 17:52:12,736] TcpUtils.py->heartbeat [line:127] - INFO: 进入心跳函数
[2024-02-21 17:52:12,736] DeviceAgreement.py->heart_data [line:53] - INFO: 发送的心跳协议：4040100a4941323130393030393700700001162aff00040000010065D5C7CCA0432323
[2024-02-21 17:52:12,737] TcpUtils.py->heartbeat [line:127] - INFO: 进入心跳函数
[2024-02-21 17:52:12,737] DeviceAgreement.py->heart_data [line:53] - INFO: 发送的心跳协议：4040100a43533132333435363738010000011290ff00040000010065D5C7CC21D32323
[2024-02-21 17:53:12,735] TcpUtils.py->heartbeat [line:127] - INFO: 进入心跳函数
[2024-02-21 17:53:12,735] DeviceAgreement.py->heart_data [line:53] - INFO: 发送的心跳协议：4040100a444A32303233303030350030000115a4ff00040000010065D5C8088E362323
[2024-02-21 17:53:12,737] TcpUtils.py->heartbeat [line:127] - INFO: 进入心跳函数
[2024-02-21 17:53:12,737] DeviceAgreement.py->heart_data [line:53] - INFO: 发送的心跳协议：4040100a4941323130393030393700700001120eff00040000010065D5C80837392323
[2024-02-21 17:53:12,738] TcpUtils.py->heartbeat [line:127] - INFO: 进入心跳函数
[2024-02-21 17:53:12,738] DeviceAgreement.py->heart_data [line:53] - INFO: 发送的心跳协议：4040100a43533132333435363738010000012105ff00040000010065D5C808FC5C2323
[2024-02-21 17:54:12,736] TcpUtils.py->heartbeat [line:127] - INFO: 进入心跳函数
[2024-02-21 17:54:12,736] DeviceAgreement.py->heart_data [line:53] - INFO: 发送的心跳协议：4040100a444A3230323330303035003000011043ff00040000010065D5C8444B4C2323
[2024-02-21 17:54:12,738] TcpUtils.py->heartbeat [line:127] - INFO: 进入心跳函数
[2024-02-21 17:54:12,738] DeviceAgreement.py->heart_data [line:53] - INFO: 发送的心跳协议：4040100a49413231303930303937007000011fefff00040000010065D5C844B2542323
[2024-02-21 17:54:12,739] TcpUtils.py->heartbeat [line:127] - INFO: 进入心跳函数
[2024-02-21 17:54:12,739] DeviceAgreement.py->heart_data [line:53] - INFO: 发送的心跳协议：4040100a43533132333435363738010000011172ff00040000010065D5C8444DA82323
[2024-02-21 17:55:12,736] TcpUtils.py->heartbeat [line:127] - INFO: 进入心跳函数
[2024-02-21 17:55:12,736] DeviceAgreement.py->heart_data [line:53] - INFO: 发送的心跳协议：4040100a444A3230323330303035003000011acbff00040000010065D5C88073B62323
[2024-02-21 17:55:12,738] TcpUtils.py->heartbeat [line:127] - INFO: 进入心跳函数
[2024-02-21 17:55:12,738] DeviceAgreement.py->heart_data [line:53] - INFO: 发送的心跳协议：4040100a49413231303930303937007000011cb0ff00040000010065D5C88036842323
[2024-02-21 17:55:12,739] TcpUtils.py->heartbeat [line:127] - INFO: 进入心跳函数
[2024-02-21 17:55:12,739] DeviceAgreement.py->heart_data [line:53] - INFO: 发送的心跳协议：4040100a435331323334353637380100000111ccff00040000010065D5C88037022323
[2024-02-21 17:56:12,737] TcpUtils.py->heartbeat [line:127] - INFO: 进入心跳函数
[2024-02-21 17:56:12,737] DeviceAgreement.py->heart_data [line:53] - INFO: 发送的心跳协议：4040100a444A32303233303030350030000120f7ff00040000010065D5C8BCC8BF2323
[2024-02-21 17:56:12,739] TcpUtils.py->heartbeat [line:127] - INFO: 进入心跳函数
[2024-02-21 17:56:12,739] DeviceAgreement.py->heart_data [line:53] - INFO: 发送的心跳协议：4040100a494132313039303039370070000112d7ff00040000010065D5C8BCE2E72323
[2024-02-21 17:56:12,740] TcpUtils.py->heartbeat [line:127] - INFO: 进入心跳函数
[2024-02-21 17:56:12,740] DeviceAgreement.py->heart_data [line:53] - INFO: 发送的心跳协议：4040100a43533132333435363738010000011688ff00040000010065D5C8BC91F92323
[2024-02-21 17:57:12,738] TcpUtils.py->heartbeat [line:127] - INFO: 进入心跳函数
[2024-02-21 17:57:12,738] DeviceAgreement.py->heart_data [line:53] - INFO: 发送的心跳协议：4040100a444A32303233303030350030000121d3ff00040000010065D5C8F80ACD2323
[2024-02-21 17:57:12,740] TcpUtils.py->heartbeat [line:127] - INFO: 进入心跳函数
[2024-02-21 17:57:12,740] DeviceAgreement.py->heart_data [line:53] - INFO: 发送的心跳协议：4040100a49413231303930303937007000011138ff00040000010065D5C8F8F8742323
[2024-02-21 17:57:12,741] TcpUtils.py->heartbeat [line:127] - INFO: 进入心跳函数
[2024-02-21 17:57:12,741] DeviceAgreement.py->heart_data [line:53] - INFO: 发送的心跳协议：4040100a43533132333435363738010000011881ff00040000010065D5C8F830F32323
[2024-02-21 17:58:12,738] TcpUtils.py->heartbeat [line:127] - INFO: 进入心跳函数
[2024-02-21 17:58:12,738] DeviceAgreement.py->heart_data [line:53] - INFO: 发送的心跳协议：4040100a444A32303233303030350030000111d9ff00040000010065D5C93427952323
[2024-02-21 17:58:12,740] TcpUtils.py->heartbeat [line:127] - INFO: 进入心跳函数
[2024-02-21 17:58:12,740] DeviceAgreement.py->heart_data [line:53] - INFO: 发送的心跳协议：4040100a49413231303930303937007000011de2ff00040000010065D5C93457BE2323
[2024-02-21 17:58:12,741] TcpUtils.py->heartbeat [line:127] - INFO: 进入心跳函数
[2024-02-21 17:58:12,741] DeviceAgreement.py->heart_data [line:53] - INFO: 发送的心跳协议：4040100a4353313233343536373801000001225bff00040000010065D5C934A9712323
[2024-02-21 17:59:12,739] TcpUtils.py->heartbeat [line:127] - INFO: 进入心跳函数
[2024-02-21 17:59:12,739] DeviceAgreement.py->heart_data [line:53] - INFO: 发送的心跳协议：4040100a444A3230323330303035003000011c59ff00040000010065D5C97027842323
[2024-02-21 17:59:12,741] TcpUtils.py->heartbeat [line:127] - INFO: 进入心跳函数
[2024-02-21 17:59:12,741] DeviceAgreement.py->heart_data [line:53] - INFO: 发送的心跳协议：4040100a49413231303930303937007000011aadff00040000010065D5C97008A02323
[2024-02-21 17:59:12,742] TcpUtils.py->heartbeat [line:127] - INFO: 进入心跳函数
[2024-02-21 17:59:12,742] DeviceAgreement.py->heart_data [line:53] - INFO: 发送的心跳协议：4040100a43533132333435363738010000011f3aff00040000010065D5C970645E2323
[2024-02-21 18:00:12,739] TcpUtils.py->heartbeat [line:127] - INFO: 进入心跳函数
[2024-02-21 18:00:12,739] DeviceAgreement.py->heart_data [line:53] - INFO: 发送的心跳协议：4040100a444A3230323330303035003000011774ff00040000010065D5C9AC59F32323
[2024-02-21 18:00:12,741] TcpUtils.py->heartbeat [line:127] - INFO: 进入心跳函数
[2024-02-21 18:00:12,741] DeviceAgreement.py->heart_data [line:53] - INFO: 发送的心跳协议：4040100a49413231303930303937007000011cf1ff00040000010065D5C9AC87782323
[2024-02-21 18:00:12,742] TcpUtils.py->heartbeat [line:127] - INFO: 进入心跳函数
[2024-02-21 18:00:12,742] DeviceAgreement.py->heart_data [line:53] - INFO: 发送的心跳协议：4040100a43533132333435363738010000011475ff00040000010065D5C9AC5D502323
[2024-02-21 18:01:12,739] TcpUtils.py->heartbeat [line:127] - INFO: 进入心跳函数
[2024-02-21 18:01:12,739] DeviceAgreement.py->heart_data [line:53] - INFO: 发送的心跳协议：4040100a444A3230323330303035003000011339ff00040000010065D5C9E802112323
[2024-02-21 18:01:12,741] TcpUtils.py->heartbeat [line:127] - INFO: 进入心跳函数
[2024-02-21 18:01:12,741] DeviceAgreement.py->heart_data [line:53] - INFO: 发送的心跳协议：4040100a494132313039303039370070000111b2ff00040000010065D5C9E8C26E2323
[2024-02-21 18:01:12,742] TcpUtils.py->heartbeat [line:127] - INFO: 进入心跳函数
[2024-02-21 18:01:12,742] DeviceAgreement.py->heart_data [line:53] - INFO: 发送的心跳协议：4040100a435331323334353637380100000117f1ff00040000010065D5C9E81CA62323
[2024-02-21 18:02:12,740] TcpUtils.py->heartbeat [line:127] - INFO: 进入心跳函数
[2024-02-21 18:02:12,740] DeviceAgreement.py->heart_data [line:53] - INFO: 发送的心跳协议：4040100a444A3230323330303035003000011b12ff00040000010065D5CA248B6A2323
[2024-02-21 18:02:12,742] TcpUtils.py->heartbeat [line:127] - INFO: 进入心跳函数
[2024-02-21 18:02:12,742] DeviceAgreement.py->heart_data [line:53] - INFO: 发送的心跳协议：4040100a494132313039303039370070000118a2ff00040000010065D5CA2451B22323
[2024-02-21 18:02:12,743] TcpUtils.py->heartbeat [line:127] - INFO: 进入心跳函数
[2024-02-21 18:02:12,743] DeviceAgreement.py->heart_data [line:53] - INFO: 发送的心跳协议：4040100a43533132333435363738010000011f86ff00040000010065D5CA24450D2323
[2024-02-21 18:03:12,740] TcpUtils.py->heartbeat [line:127] - INFO: 进入心跳函数
[2024-02-21 18:03:12,740] DeviceAgreement.py->heart_data [line:53] - INFO: 发送的心跳协议：4040100a444A32303233303030350030000112e0ff00040000010065D5CA60B7CD2323
[2024-02-21 18:03:12,742] TcpUtils.py->heartbeat [line:127] - INFO: 进入心跳函数
[2024-02-21 18:03:12,742] DeviceAgreement.py->heart_data [line:53] - INFO: 发送的心跳协议：4040100a49413231303930303937007000011b54ff00040000010065D5CA60A8FC2323
[2024-02-21 18:03:12,743] TcpUtils.py->heartbeat [line:127] - INFO: 进入心跳函数
[2024-02-21 18:03:12,743] DeviceAgreement.py->heart_data [line:53] - INFO: 发送的心跳协议：4040100a4353313233343536373801000001164cff00040000010065D5CA60E60B2323
[2024-02-21 18:04:12,741] TcpUtils.py->heartbeat [line:127] - INFO: 进入心跳函数
[2024-02-21 18:04:12,741] DeviceAgreement.py->heart_data [line:53] - INFO: 发送的心跳协议：4040100a444A32303233303030350030000120cdff00040000010065D5CA9C28E72323
[2024-02-21 18:04:12,743] TcpUtils.py->heartbeat [line:127] - INFO: 进入心跳函数
[2024-02-21 18:04:12,743] DeviceAgreement.py->heart_data [line:53] - INFO: 发送的心跳协议：4040100a49413231303930303937007000011fe0ff00040000010065D5CA9C9C412323
[2024-02-21 18:04:12,744] TcpUtils.py->heartbeat [line:127] - INFO: 进入心跳函数
[2024-02-21 18:04:12,744] DeviceAgreement.py->heart_data [line:53] - INFO: 发送的心跳协议：4040100a43533132333435363738010000011550ff00040000010065D5CA9C8BDF2323
[2024-02-21 18:05:12,741] TcpUtils.py->heartbeat [line:127] - INFO: 进入心跳函数
[2024-02-21 18:05:12,741] DeviceAgreement.py->heart_data [line:53] - INFO: 发送的心跳协议：4040100a444A3230323330303035003000011a74ff00040000010065D5CAD8C3E02323
[2024-02-21 18:05:12,743] TcpUtils.py->heartbeat [line:127] - INFO: 进入心跳函数
[2024-02-21 18:05:12,743] DeviceAgreement.py->heart_data [line:53] - INFO: 发送的心跳协议：4040100a49413231303930303937007000011f3aff00040000010065D5CAD8099B2323
[2024-02-21 18:05:12,744] TcpUtils.py->heartbeat [line:127] - INFO: 进入心跳函数
[2024-02-21 18:05:12,744] DeviceAgreement.py->heart_data [line:53] - INFO: 发送的心跳协议：4040100a4353313233343536373801000001177aff00040000010065D5CAD85D412323
[2024-02-21 18:05:13,305] TcpUtils.py->handle_device_data [line:153] - INFO: 报警触发随机数：0.95
[2024-02-21 18:05:13,337] DeviceAgreement.py->device_code_config [line:98] - INFO: 发送的协议：4040100A435331323334353637380100000111b7ff000720000444e294f665D5CAD996792323
[2024-02-21 18:05:13,384] TcpUtils.py->handle_device_data [line:163] - INFO: 可以发送报警数据：4040100A435331323334353637380100000111b7ff000720000444e294f665D5CAD996792323
[2024-02-21 18:05:13,431] TcpUtils.py->handle_device_data [line:153] - INFO: 报警触发随机数：0.06
[2024-02-21 18:06:12,742] TcpUtils.py->heartbeat [line:127] - INFO: 进入心跳函数
[2024-02-21 18:06:12,742] DeviceAgreement.py->heart_data [line:53] - INFO: 发送的心跳协议：4040100a444A323032333030303500300001110eff00040000010065D5CB14EAA22323
[2024-02-21 18:06:12,744] TcpUtils.py->heartbeat [line:127] - INFO: 进入心跳函数
[2024-02-21 18:06:12,744] DeviceAgreement.py->heart_data [line:53] - INFO: 发送的心跳协议：4040100a49413231303930303937007000011becff00040000010065D5CB14FE5E2323
[2024-02-21 18:06:12,745] TcpUtils.py->heartbeat [line:127] - INFO: 进入心跳函数
[2024-02-21 18:06:12,745] DeviceAgreement.py->heart_data [line:53] - INFO: 发送的心跳协议：4040100a4353313233343536373801000001140dff00040000010065D5CB14EFF12323
[2024-02-21 18:07:12,743] TcpUtils.py->heartbeat [line:127] - INFO: 进入心跳函数
[2024-02-21 18:07:12,743] DeviceAgreement.py->heart_data [line:53] - INFO: 发送的心跳协议：4040100a444A32303233303030350030000115e6ff00040000010065D5CB507CCF2323
[2024-02-21 18:07:12,745] TcpUtils.py->heartbeat [line:127] - INFO: 进入心跳函数
[2024-02-21 18:07:12,745] DeviceAgreement.py->heart_data [line:53] - INFO: 发送的心跳协议：4040100a4941323130393030393700700001208eff00040000010065D5CB50F17C2323
[2024-02-21 18:07:12,746] TcpUtils.py->heartbeat [line:127] - INFO: 进入心跳函数
[2024-02-21 18:07:12,746] DeviceAgreement.py->heart_data [line:53] - INFO: 发送的心跳协议：4040100a4353313233343536373801000001218fff00040000010065D5CB5090472323
[2024-02-21 18:08:12,743] TcpUtils.py->heartbeat [line:127] - INFO: 进入心跳函数
[2024-02-21 18:08:12,743] DeviceAgreement.py->heart_data [line:53] - INFO: 发送的心跳协议：4040100a444A3230323330303035003000011591ff00040000010065D5CB8C517A2323
[2024-02-21 18:08:12,745] TcpUtils.py->heartbeat [line:127] - INFO: 进入心跳函数
[2024-02-21 18:08:12,745] DeviceAgreement.py->heart_data [line:53] - INFO: 发送的心跳协议：4040100a494132313039303039370070000119d8ff00040000010065D5CB8C99E92323
[2024-02-21 18:08:12,746] TcpUtils.py->heartbeat [line:127] - INFO: 进入心跳函数
[2024-02-21 18:08:12,746] DeviceAgreement.py->heart_data [line:53] - INFO: 发送的心跳协议：4040100a43533132333435363738010000011887ff00040000010065D5CB8CEFFB2323
[2024-02-21 18:09:12,744] TcpUtils.py->heartbeat [line:127] - INFO: 进入心跳函数
[2024-02-21 18:09:12,744] DeviceAgreement.py->heart_data [line:53] - INFO: 发送的心跳协议：4040100a444A3230323330303035003000011858ff00040000010065D5CBC872762323
[2024-02-21 18:09:12,746] TcpUtils.py->heartbeat [line:127] - INFO: 进入心跳函数
[2024-02-21 18:09:12,746] DeviceAgreement.py->heart_data [line:53] - INFO: 发送的心跳协议：4040100a494132313039303039370070000111f7ff00040000010065D5CBC849632323
[2024-02-21 18:09:12,747] TcpUtils.py->heartbeat [line:127] - INFO: 进入心跳函数
[2024-02-21 18:09:12,747] DeviceAgreement.py->heart_data [line:53] - INFO: 发送的心跳协议：4040100a4353313233343536373801000001153fff00040000010065D5CBC8704B2323
[2024-02-21 18:10:12,745] TcpUtils.py->heartbeat [line:127] - INFO: 进入心跳函数
[2024-02-21 18:10:12,745] DeviceAgreement.py->heart_data [line:53] - INFO: 发送的心跳协议：4040100a444A32303233303030350030000111abff00040000010065D5CC04DB2E2323
[2024-02-21 18:10:12,746] TcpUtils.py->heartbeat [line:127] - INFO: 进入心跳函数
[2024-02-21 18:10:12,746] DeviceAgreement.py->heart_data [line:53] - INFO: 发送的心跳协议：4040100a49413231303930303937007000011a28ff00040000010065D5CC040DAD2323
[2024-02-21 18:10:12,747] TcpUtils.py->heartbeat [line:127] - INFO: 进入心跳函数
[2024-02-21 18:10:12,747] DeviceAgreement.py->heart_data [line:53] - INFO: 发送的心跳协议：4040100a43533132333435363738010000011931ff00040000010065D5CC040EB12323
[2024-02-21 18:11:12,746] TcpUtils.py->heartbeat [line:127] - INFO: 进入心跳函数
[2024-02-21 18:11:12,746] DeviceAgreement.py->heart_data [line:53] - INFO: 发送的心跳协议：4040100a444A32303233303030350030000112d9ff00040000010065D5CC4093932323
[2024-02-21 18:11:12,747] TcpUtils.py->heartbeat [line:127] - INFO: 进入心跳函数
[2024-02-21 18:11:12,747] DeviceAgreement.py->heart_data [line:53] - INFO: 发送的心跳协议：4040100a49413231303930303937007000011f93ff00040000010065D5CC40DE062323
[2024-02-21 18:11:12,748] TcpUtils.py->heartbeat [line:127] - INFO: 进入心跳函数
[2024-02-21 18:11:12,748] DeviceAgreement.py->heart_data [line:53] - INFO: 发送的心跳协议：4040100a4353313233343536373801000001144dff00040000010065D5CC401FF32323
[2024-02-21 18:12:12,747] TcpUtils.py->heartbeat [line:127] - INFO: 进入心跳函数
[2024-02-21 18:12:12,747] DeviceAgreement.py->heart_data [line:53] - INFO: 发送的心跳协议：4040100a444A3230323330303035003000011d1dff00040000010065D5CC7C03752323
[2024-02-21 18:12:12,748] TcpUtils.py->heartbeat [line:127] - INFO: 进入心跳函数
[2024-02-21 18:12:12,748] DeviceAgreement.py->heart_data [line:53] - INFO: 发送的心跳协议：4040100a4941323130393030393700700001160dff00040000010065D5CC7C50312323
[2024-02-21 18:12:12,749] TcpUtils.py->heartbeat [line:127] - INFO: 进入心跳函数
[2024-02-21 18:12:12,749] DeviceAgreement.py->heart_data [line:53] - INFO: 发送的心跳协议：4040100a4353313233343536373801000001116fff00040000010065D5CC7C73872323
[2024-02-21 18:13:12,747] TcpUtils.py->heartbeat [line:127] - INFO: 进入心跳函数
[2024-02-21 18:13:12,747] DeviceAgreement.py->heart_data [line:53] - INFO: 发送的心跳协议：4040100a444A3230323330303035003000011666ff00040000010065D5CCB8BFCA2323
[2024-02-21 18:13:12,748] TcpUtils.py->heartbeat [line:127] - INFO: 进入心跳函数
[2024-02-21 18:13:12,748] DeviceAgreement.py->heart_data [line:53] - INFO: 发送的心跳协议：4040100a4941323130393030393700700001110fff00040000010065D5CCB843C22323
[2024-02-21 18:13:12,749] TcpUtils.py->heartbeat [line:127] - INFO: 进入心跳函数
[2024-02-21 18:13:12,749] DeviceAgreement.py->heart_data [line:53] - INFO: 发送的心跳协议：4040100a43533132333435363738010000011c12ff00040000010065D5CCB801392323
[2024-02-21 18:14:12,747] TcpUtils.py->heartbeat [line:127] - INFO: 进入心跳函数
[2024-02-21 18:14:12,747] DeviceAgreement.py->heart_data [line:53] - INFO: 发送的心跳协议：4040100a444A32303233303030350030000114dcff00040000010065D5CCF42E962323
[2024-02-21 18:14:12,748] TcpUtils.py->heartbeat [line:127] - INFO: 进入心跳函数
[2024-02-21 18:14:12,748] DeviceAgreement.py->heart_data [line:53] - INFO: 发送的心跳协议：4040100a49413231303930303937007000011392ff00040000010065D5CCF4A6EA2323
[2024-02-21 18:14:12,749] TcpUtils.py->heartbeat [line:127] - INFO: 进入心跳函数
[2024-02-21 18:14:12,749] DeviceAgreement.py->heart_data [line:53] - INFO: 发送的心跳协议：4040100a435331323334353637380100000118b1ff00040000010065D5CCF4B5B12323
[2024-02-21 18:15:12,747] TcpUtils.py->heartbeat [line:127] - INFO: 进入心跳函数
[2024-02-21 18:15:12,747] DeviceAgreement.py->heart_data [line:53] - INFO: 发送的心跳协议：4040100a444A323032333030303500300001190aff00040000010065D5CD30D64F2323
[2024-02-21 18:15:12,748] TcpUtils.py->heartbeat [line:127] - INFO: 进入心跳函数
[2024-02-21 18:15:12,748] DeviceAgreement.py->heart_data [line:53] - INFO: 发送的心跳协议：4040100a49413231303930303937007000011af5ff00040000010065D5CD3027822323
[2024-02-21 18:15:12,749] TcpUtils.py->heartbeat [line:127] - INFO: 进入心跳函数
[2024-02-21 18:15:12,749] DeviceAgreement.py->heart_data [line:53] - INFO: 发送的心跳协议：4040100a4353313233343536373801000001121eff00040000010065D5CD30693E2323
[2024-02-21 18:16:12,747] TcpUtils.py->heartbeat [line:127] - INFO: 进入心跳函数
[2024-02-21 18:16:12,747] DeviceAgreement.py->heart_data [line:53] - INFO: 发送的心跳协议：4040100a444A32303233303030350030000118f6ff00040000010065D5CD6C7F1E2323
[2024-02-21 18:16:12,748] TcpUtils.py->heartbeat [line:127] - INFO: 进入心跳函数
[2024-02-21 18:16:12,748] DeviceAgreement.py->heart_data [line:53] - INFO: 发送的心跳协议：4040100a49413231303930303937007000011c67ff00040000010065D5CD6C9EB12323
[2024-02-21 18:16:12,749] TcpUtils.py->heartbeat [line:127] - INFO: 进入心跳函数
[2024-02-21 18:16:12,749] DeviceAgreement.py->heart_data [line:53] - INFO: 发送的心跳协议：4040100a43533132333435363738010000011027ff00040000010065D5CD6C4E652323
[2024-02-21 18:17:12,748] TcpUtils.py->heartbeat [line:127] - INFO: 进入心跳函数
[2024-02-21 18:17:12,748] DeviceAgreement.py->heart_data [line:53] - INFO: 发送的心跳协议：4040100a444A32303233303030350030000112c7ff00040000010065D5CDA865BA2323
[2024-02-21 18:17:12,749] TcpUtils.py->heartbeat [line:127] - INFO: 进入心跳函数
[2024-02-21 18:17:12,749] DeviceAgreement.py->heart_data [line:53] - INFO: 发送的心跳协议：4040100a49413231303930303937007000011ef1ff00040000010065D5CDA8C67C2323
[2024-02-21 18:17:12,750] TcpUtils.py->heartbeat [line:127] - INFO: 进入心跳函数
[2024-02-21 18:17:12,750] DeviceAgreement.py->heart_data [line:53] - INFO: 发送的心跳协议：4040100a435331323334353637380100000118ebff00040000010065D5CDA8C4682323
[2024-02-21 18:18:12,749] TcpUtils.py->heartbeat [line:127] - INFO: 进入心跳函数
[2024-02-21 18:18:12,749] DeviceAgreement.py->heart_data [line:53] - INFO: 发送的心跳协议：4040100a444A323032333030303500300001188fff00040000010065D5CDE47A432323
[2024-02-21 18:18:12,750] TcpUtils.py->heartbeat [line:127] - INFO: 进入心跳函数
[2024-02-21 18:18:12,750] DeviceAgreement.py->heart_data [line:53] - INFO: 发送的心跳协议：4040100a49413231303930303937007000011d6bff00040000010065D5CDE469A32323
[2024-02-21 18:18:12,751] TcpUtils.py->heartbeat [line:127] - INFO: 进入心跳函数
[2024-02-21 18:18:12,751] DeviceAgreement.py->heart_data [line:53] - INFO: 发送的心跳协议：4040100a4353313233343536373801000001189fff00040000010065D5CDE481D92323
[2024-02-21 18:19:12,750] TcpUtils.py->heartbeat [line:127] - INFO: 进入心跳函数
[2024-02-21 18:19:12,750] DeviceAgreement.py->heart_data [line:53] - INFO: 发送的心跳协议：4040100a444A3230323330303035003000011320ff00040000010065D5CE2047CF2323
[2024-02-21 18:19:12,751] TcpUtils.py->heartbeat [line:127] - INFO: 进入心跳函数
[2024-02-21 18:19:12,751] DeviceAgreement.py->heart_data [line:53] - INFO: 发送的心跳协议：4040100a49413231303930303937007000011addff00040000010065D5CE207BE32323
[2024-02-21 18:19:12,752] TcpUtils.py->heartbeat [line:127] - INFO: 进入心跳函数
[2024-02-21 18:19:12,752] DeviceAgreement.py->heart_data [line:53] - INFO: 发送的心跳协议：4040100a43533132333435363738010000011b35ff00040000010065D5CE20F8462323
[2024-02-21 18:20:12,751] TcpUtils.py->heartbeat [line:127] - INFO: 进入心跳函数
[2024-02-21 18:20:12,751] DeviceAgreement.py->heart_data [line:53] - INFO: 发送的心跳协议：4040100a444A323032333030303500300001221aff00040000010065D5CE5C8FD52323
[2024-02-21 18:20:12,752] TcpUtils.py->heartbeat [line:127] - INFO: 进入心跳函数
[2024-02-21 18:20:12,752] DeviceAgreement.py->heart_data [line:53] - INFO: 发送的心跳协议：4040100a49413231303930303937007000011c9dff00040000010065D5CE5C63EA2323
[2024-02-21 18:20:12,753] TcpUtils.py->heartbeat [line:127] - INFO: 进入心跳函数
[2024-02-21 18:20:12,753] DeviceAgreement.py->heart_data [line:53] - INFO: 发送的心跳协议：4040100a43533132333435363738010000011c61ff00040000010065D5CE5C517D2323
[2024-02-21 18:20:13,495] TcpUtils.py->handle_device_data [line:153] - INFO: 报警触发随机数：0.23
[2024-02-21 18:21:12,751] TcpUtils.py->heartbeat [line:127] - INFO: 进入心跳函数
[2024-02-21 18:21:12,751] DeviceAgreement.py->heart_data [line:53] - INFO: 发送的心跳协议：4040100a444A32303233303030350030000110efff00040000010065D5CE98A3DD2323
[2024-02-21 18:21:12,752] TcpUtils.py->heartbeat [line:127] - INFO: 进入心跳函数
[2024-02-21 18:21:12,752] DeviceAgreement.py->heart_data [line:53] - INFO: 发送的心跳协议：4040100a494132313039303039370070000118beff00040000010065D5CE98CF602323
[2024-02-21 18:21:12,753] TcpUtils.py->heartbeat [line:127] - INFO: 进入心跳函数
[2024-02-21 18:21:12,753] DeviceAgreement.py->heart_data [line:53] - INFO: 发送的心跳协议：4040100a435331323334353637380100000122a5ff00040000010065D5CE9832D92323
[2024-02-21 18:22:12,752] TcpUtils.py->heartbeat [line:127] - INFO: 进入心跳函数
[2024-02-21 18:22:12,752] DeviceAgreement.py->heart_data [line:53] - INFO: 发送的心跳协议：4040100a444A3230323330303035003000011498ff00040000010065D5CED466662323
[2024-02-21 18:22:12,753] TcpUtils.py->heartbeat [line:127] - INFO: 进入心跳函数
[2024-02-21 18:22:12,753] DeviceAgreement.py->heart_data [line:53] - INFO: 发送的心跳协议：4040100a494132313039303039370070000112c5ff00040000010065D5CED494DD2323
[2024-02-21 18:22:12,754] TcpUtils.py->heartbeat [line:127] - INFO: 进入心跳函数
[2024-02-21 18:22:12,754] DeviceAgreement.py->heart_data [line:53] - INFO: 发送的心跳协议：4040100a435331323334353637380100000113f3ff00040000010065D5CED47E532323
[2024-02-21 18:23:12,753] TcpUtils.py->heartbeat [line:127] - INFO: 进入心跳函数
[2024-02-21 18:23:12,753] DeviceAgreement.py->heart_data [line:53] - INFO: 发送的心跳协议：4040100a444A323032333030303500300001102fff00040000010065D5CF1014DF2323
[2024-02-21 18:23:12,754] TcpUtils.py->heartbeat [line:127] - INFO: 进入心跳函数
[2024-02-21 18:23:12,754] DeviceAgreement.py->heart_data [line:53] - INFO: 发送的心跳协议：4040100a49413231303930303937007000011387ff00040000010065D5CF10EE272323
[2024-02-21 18:23:12,755] TcpUtils.py->heartbeat [line:127] - INFO: 进入心跳函数
[2024-02-21 18:23:12,755] DeviceAgreement.py->heart_data [line:53] - INFO: 发送的心跳协议：4040100a43533132333435363738010000011befff00040000010065D5CF10DA9D2323
[2024-02-21 18:24:12,754] TcpUtils.py->heartbeat [line:127] - INFO: 进入心跳函数
[2024-02-21 18:24:12,754] DeviceAgreement.py->heart_data [line:53] - INFO: 发送的心跳协议：4040100a444A3230323330303035003000011908ff00040000010065D5CF4C90B62323
[2024-02-21 18:24:12,754] TcpUtils.py->heartbeat [line:127] - INFO: 进入心跳函数
[2024-02-21 18:24:12,754] DeviceAgreement.py->heart_data [line:53] - INFO: 发送的心跳协议：4040100a4941323130393030393700700001136dff00040000010065D5CF4C31BD2323
[2024-02-21 18:24:12,755] TcpUtils.py->heartbeat [line:127] - INFO: 进入心跳函数
[2024-02-21 18:24:12,755] DeviceAgreement.py->heart_data [line:53] - INFO: 发送的心跳协议：4040100a43533132333435363738010000011397ff00040000010065D5CF4C0B222323
[2024-02-21 18:25:12,755] TcpUtils.py->heartbeat [line:127] - INFO: 进入心跳函数
[2024-02-21 18:25:12,755] DeviceAgreement.py->heart_data [line:53] - INFO: 发送的心跳协议：4040100a444A32303233303030350030000116e2ff00040000010065D5CF88EA392323
[2024-02-21 18:25:12,755] TcpUtils.py->heartbeat [line:127] - INFO: 进入心跳函数
[2024-02-21 18:25:12,755] DeviceAgreement.py->heart_data [line:53] - INFO: 发送的心跳协议：4040100a49413231303930303937007000011b3bff00040000010065D5CF88226B2323
[2024-02-21 18:25:12,756] TcpUtils.py->heartbeat [line:127] - INFO: 进入心跳函数
[2024-02-21 18:25:12,756] DeviceAgreement.py->heart_data [line:53] - INFO: 发送的心跳协议：4040100a4353313233343536373801000001211dff00040000010065D5CF884C7F2323
[2024-02-21 18:26:12,755] TcpUtils.py->heartbeat [line:127] - INFO: 进入心跳函数
[2024-02-21 18:26:12,755] DeviceAgreement.py->heart_data [line:53] - INFO: 发送的心跳协议：4040100a444A3230323330303035003000011280ff00040000010065D5CFC4DC4F2323
[2024-02-21 18:26:12,755] TcpUtils.py->heartbeat [line:127] - INFO: 进入心跳函数
[2024-02-21 18:26:12,755] DeviceAgreement.py->heart_data [line:53] - INFO: 发送的心跳协议：4040100a49413231303930303937007000011742ff00040000010065D5CFC478262323
[2024-02-21 18:26:12,756] TcpUtils.py->heartbeat [line:127] - INFO: 进入心跳函数
[2024-02-21 18:26:12,756] DeviceAgreement.py->heart_data [line:53] - INFO: 发送的心跳协议：4040100a43533132333435363738010000011500ff00040000010065D5CFC4E11D2323
[2024-02-21 18:27:12,756] TcpUtils.py->heartbeat [line:127] - INFO: 进入心跳函数
[2024-02-21 18:27:12,756] DeviceAgreement.py->heart_data [line:53] - INFO: 发送的心跳协议：4040100a444A323032333030303500300001188eff00040000010065D5D000A2B72323
[2024-02-21 18:27:12,756] TcpUtils.py->heartbeat [line:127] - INFO: 进入心跳函数
[2024-02-21 18:27:12,756] DeviceAgreement.py->heart_data [line:53] - INFO: 发送的心跳协议：4040100a49413231303930303937007000011c33ff00040000010065D5D000EC892323
[2024-02-21 18:27:12,757] TcpUtils.py->heartbeat [line:127] - INFO: 进入心跳函数
[2024-02-21 18:27:12,757] DeviceAgreement.py->heart_data [line:53] - INFO: 发送的心跳协议：4040100a43533132333435363738010000011bbcff00040000010065D5D000E2502323
[2024-02-21 18:28:12,757] TcpUtils.py->heartbeat [line:127] - INFO: 进入心跳函数
[2024-02-21 18:28:12,757] DeviceAgreement.py->heart_data [line:53] - INFO: 发送的心跳协议：4040100a4941323130393030393700700001159eff00040000010065D5D03C26FA2323
[2024-02-21 18:28:12,757] TcpUtils.py->heartbeat [line:127] - INFO: 进入心跳函数
[2024-02-21 18:28:12,757] DeviceAgreement.py->heart_data [line:53] - INFO: 发送的心跳协议：4040100a444A3230323330303035003000012162ff00040000010065D5D03C64792323
[2024-02-21 18:28:12,758] TcpUtils.py->heartbeat [line:127] - INFO: 进入心跳函数
[2024-02-21 18:28:12,758] DeviceAgreement.py->heart_data [line:53] - INFO: 发送的心跳协议：4040100a435331323334353637380100000116d2ff00040000010065D5D03CE92A2323
[2024-02-21 18:29:12,758] TcpUtils.py->heartbeat [line:127] - INFO: 进入心跳函数
[2024-02-21 18:29:12,758] DeviceAgreement.py->heart_data [line:53] - INFO: 发送的心跳协议：4040100a444A3230323330303035003000011916ff00040000010065D5D0785F972323
[2024-02-21 18:29:12,758] TcpUtils.py->heartbeat [line:127] - INFO: 进入心跳函数
[2024-02-21 18:29:12,758] DeviceAgreement.py->heart_data [line:53] - INFO: 发送的心跳协议：4040100a49413231303930303937007000011711ff00040000010065D5D0783DEB2323
[2024-02-21 18:29:12,759] TcpUtils.py->heartbeat [line:127] - INFO: 进入心跳函数
[2024-02-21 18:29:12,759] DeviceAgreement.py->heart_data [line:53] - INFO: 发送的心跳协议：4040100a43533132333435363738010000011578ff00040000010065D5D078C0B42323
[2024-02-21 18:30:12,759] TcpUtils.py->heartbeat [line:127] - INFO: 进入心跳函数
[2024-02-21 18:30:12,759] DeviceAgreement.py->heart_data [line:53] - INFO: 发送的心跳协议：4040100a49413231303930303937007000011f7bff00040000010065D5D0B4B86C2323
[2024-02-21 18:30:12,759] TcpUtils.py->heartbeat [line:127] - INFO: 进入心跳函数
[2024-02-21 18:30:12,759] DeviceAgreement.py->heart_data [line:53] - INFO: 发送的心跳协议：4040100a444A3230323330303035003000011408ff00040000010065D5D0B46FAC2323
[2024-02-21 18:30:12,760] TcpUtils.py->heartbeat [line:127] - INFO: 进入心跳函数
[2024-02-21 18:30:12,760] DeviceAgreement.py->heart_data [line:53] - INFO: 发送的心跳协议：4040100a43533132333435363738010000012029ff00040000010065D5D0B463C42323
[2024-02-21 18:31:12,760] TcpUtils.py->heartbeat [line:127] - INFO: 进入心跳函数
[2024-02-21 18:31:12,760] DeviceAgreement.py->heart_data [line:53] - INFO: 发送的心跳协议：4040100a444A3230323330303035003000011fb3ff00040000010065D5D0F032112323
[2024-02-21 18:31:12,760] TcpUtils.py->heartbeat [line:127] - INFO: 进入心跳函数
[2024-02-21 18:31:12,760] DeviceAgreement.py->heart_data [line:53] - INFO: 发送的心跳协议：4040100a49413231303930303937007000011498ff00040000010065D5D0F0FAF02323
[2024-02-21 18:31:12,761] TcpUtils.py->heartbeat [line:127] - INFO: 进入心跳函数
[2024-02-21 18:31:12,761] DeviceAgreement.py->heart_data [line:53] - INFO: 发送的心跳协议：4040100a43533132333435363738010000011671ff00040000010065D5D0F079AD2323
[2024-02-21 18:32:12,760] TcpUtils.py->heartbeat [line:127] - INFO: 进入心跳函数
[2024-02-21 18:32:12,760] DeviceAgreement.py->heart_data [line:53] - INFO: 发送的心跳协议：4040100a4941323130393030393700700001196dff00040000010065D5D12CB3AC2323
[2024-02-21 18:32:12,760] TcpUtils.py->heartbeat [line:127] - INFO: 进入心跳函数
[2024-02-21 18:32:12,760] DeviceAgreement.py->heart_data [line:53] - INFO: 发送的心跳协议：4040100a444A3230323330303035003000011e78ff00040000010065D5D12C20F52323
[2024-02-21 18:32:12,761] TcpUtils.py->heartbeat [line:127] - INFO: 进入心跳函数
[2024-02-21 18:32:12,761] DeviceAgreement.py->heart_data [line:53] - INFO: 发送的心跳协议：4040100a43533132333435363738010000011652ff00040000010065D5D12CCB282323
[2024-02-21 18:33:12,761] TcpUtils.py->heartbeat [line:127] - INFO: 进入心跳函数
[2024-02-21 18:33:12,761] DeviceAgreement.py->heart_data [line:53] - INFO: 发送的心跳协议：4040100a444A32303233303030350030000111bcff00040000010065D5D16892132323
[2024-02-21 18:33:12,761] TcpUtils.py->heartbeat [line:127] - INFO: 进入心跳函数
[2024-02-21 18:33:12,761] DeviceAgreement.py->heart_data [line:53] - INFO: 发送的心跳协议：4040100a49413231303930303937007000011335ff00040000010065D5D16895952323
[2024-02-21 18:33:12,762] TcpUtils.py->heartbeat [line:127] - INFO: 进入心跳函数
[2024-02-21 18:33:12,762] DeviceAgreement.py->heart_data [line:53] - INFO: 发送的心跳协议：4040100a43533132333435363738010000011361ff00040000010065D5D168B9602323
